INFO:__main__:Started...
INFO:cards:Card Created: Name: DEFAULT
ID: 0
Tags: ['card']; Image: <Surface(64x64x32 SW)>, assets\temporarycardsprite.png; Time: 0
INFO:cards:Card Created: Name: DEFAULT
ID: 1
Tags: ['card']; Image: <Surface(64x64x32 SW)>, assets\temporarycardsprite.png; Time: 0
INFO:cards:Card Created: Name: DEFAULT
ID: 2
Tags: ['card']; Image: <Surface(64x64x32 SW)>, assets\temporarycardsprite.png; Time: 0
INFO:cards:Card Created: Name: DEFAULT
ID: 3
Tags: ['card']; Image: <Surface(64x64x32 SW)>, assets\temporarycardsprite.png; Time: 0
INFO:cards:Card Created: Name: DEFAULT
ID: 4
Tags: ['card']; Image: <Surface(64x64x32 SW)>, assets\temporarycardsprite.png; Time: 0
INFO:cards:Card Created: Name: DEFAULT
ID: 5
Tags: ['card']; Image: <Surface(64x64x32 SW)>, assets\temporarycardsprite.png; Time: 0
INFO:cards:Card Created: Name: DEFAULT
ID: 6
Tags: ['card']; Image: <Surface(64x64x32 SW)>, assets\temporarycardsprite.png; Time: 0
INFO:cards:Card Created: Name: DEFAULT
ID: 7
Tags: ['card']; Image: <Surface(64x64x32 SW)>, assets\temporarycardsprite.png; Time: 0
INFO:cards:Card Created: Name: DEFAULT
ID: 8
Tags: ['card']; Image: <Surface(64x64x32 SW)>, assets\temporarycardsprite.png; Time: 0
INFO:cards:Card Created: Name: DEFAULT
ID: 9
Tags: ['card']; Image: <Surface(64x64x32 SW)>, assets\temporarycardsprite.png; Time: 0
INFO:cards:Card Created: Name: DEFAULT
ID: 10
Tags: ['card']; Image: <Surface(64x64x32 SW)>, assets\temporarycardsprite.png; Time: 0
INFO:cards:Card Created: Name: DEFAULT
ID: 11
Tags: ['card']; Image: <Surface(64x64x32 SW)>, assets\temporarycardsprite.png; Time: 0
INFO:cards:Card Created: Name: DEFAULT
ID: 12
Tags: ['card']; Image: <Surface(64x64x32 SW)>, assets\temporarycardsprite.png; Time: 0
INFO:cards:Card Created: Name: DEFAULT
ID: 13
Tags: ['card']; Image: <Surface(64x64x32 SW)>, assets\temporarycardsprite.png; Time: 0
INFO:cards:Card Created: Name: DEFAULT
ID: 14
Tags: ['card']; Image: <Surface(64x64x32 SW)>, assets\temporarycardsprite.png; Time: 0
INFO:cards:Card Created: Name: DEFAULT
ID: 15
Tags: ['card']; Image: <Surface(64x64x32 SW)>, assets\temporarycardsprite.png; Time: 0
INFO:cards:Card Created: Name: DEFAULT
ID: 16
Tags: ['card']; Image: <Surface(64x64x32 SW)>, assets\temporarycardsprite.png; Time: 0
INFO:cards:Card Created: Name: DEFAULT
ID: 17
Tags: ['card']; Image: <Surface(64x64x32 SW)>, assets\temporarycardsprite.png; Time: 0
INFO:cards:Card Created: Name: DEFAULT
ID: 18
Tags: ['card']; Image: <Surface(64x64x32 SW)>, assets\temporarycardsprite.png; Time: 0
INFO:cards:Card Created: Name: DEFAULT
ID: 19
Tags: ['card']; Image: <Surface(64x64x32 SW)>, assets\temporarycardsprite.png; Time: 0
INFO:cards:Card Created: Name: DEFAULT
ID: 20
Tags: ['card']; Image: <Surface(64x64x32 SW)>, assets\temporarycardsprite.png; Time: 0
INFO:cards:Card Created: Name: DEFAULT
ID: 21
Tags: ['card']; Image: <Surface(64x64x32 SW)>, assets\temporarycardsprite.png; Time: 0
INFO:cards:Card Created: Name: DEFAULT
ID: 22
Tags: ['card']; Image: <Surface(64x64x32 SW)>, assets\temporarycardsprite.png; Time: 0
INFO:cards:Card Created: Name: DEFAULT
ID: 23
Tags: ['card']; Image: <Surface(64x64x32 SW)>, assets\temporarycardsprite.png; Time: 0
INFO:cards:Card Created: Name: DEFAULT
ID: 24
Tags: ['card']; Image: <Surface(64x64x32 SW)>, assets\temporarycardsprite.png; Time: 0
INFO:cards:Card Created: Name: DEFAULT
ID: 25
Tags: ['card']; Image: <Surface(64x64x32 SW)>, assets\temporarycardsprite.png; Time: 0
INFO:cards:Card Created: Name: DEFAULT
ID: 26
Tags: ['card']; Image: <Surface(64x64x32 SW)>, assets\temporarycardsprite.png; Time: 0
INFO:cards:Card Created: Name: DEFAULT
ID: 27
Tags: ['card']; Image: <Surface(64x64x32 SW)>, assets\temporarycardsprite.png; Time: 0
INFO:cards:Card Created: Name: DEFAULT
ID: 28
Tags: ['card']; Image: <Surface(64x64x32 SW)>, assets\temporarycardsprite.png; Time: 0
INFO:cards:Card Created: Name: DEFAULT
ID: 29
Tags: ['card']; Image: <Surface(64x64x32 SW)>, assets\temporarycardsprite.png; Time: 0
INFO:cards:Card Created: Name: DEFAULT
ID: 30
Tags: ['card']; Image: <Surface(64x64x32 SW)>, assets\temporarycardsprite.png; Time: 0
INFO:cards:Card Created: Name: DEFAULT
ID: 31
Tags: ['card']; Image: <Surface(64x64x32 SW)>, assets\temporarycardsprite.png; Time: 0
INFO:cards:Card Created: Name: DEFAULT
ID: 32
Tags: ['card']; Image: <Surface(64x64x32 SW)>, assets\temporarycardsprite.png; Time: 0
INFO:cards:Card Created: Name: DEFAULT
ID: 33
Tags: ['card']; Image: <Surface(64x64x32 SW)>, assets\temporarycardsprite.png; Time: 0
INFO:cards:Card Created: Name: DEFAULT
ID: 34
Tags: ['card']; Image: <Surface(64x64x32 SW)>, assets\temporarycardsprite.png; Time: 0
INFO:cards:Card Created: Name: DEFAULT
ID: 35
Tags: ['card']; Image: <Surface(64x64x32 SW)>, assets\temporarycardsprite.png; Time: 0
INFO:cards:Card Created: Name: DEFAULT
ID: 36
Tags: ['card']; Image: <Surface(64x64x32 SW)>, assets\temporarycardsprite.png; Time: 0
INFO:cards:Card Created: Name: DEFAULT
ID: 37
Tags: ['card']; Image: <Surface(64x64x32 SW)>, assets\temporarycardsprite.png; Time: 0
INFO:cards:Card Created: Name: DEFAULT
ID: 38
Tags: ['card']; Image: <Surface(64x64x32 SW)>, assets\temporarycardsprite.png; Time: 0
INFO:cards:Card Created: Name: DEFAULT
ID: 39
Tags: ['card']; Image: <Surface(64x64x32 SW)>, assets\temporarycardsprite.png; Time: 0
INFO:cards:Card Created: Name: DEFAULT
ID: 40
Tags: ['card']; Image: <Surface(64x64x32 SW)>, assets\temporarycardsprite.png; Time: 0
INFO:cards:Card Created: Name: DEFAULT
ID: 41
Tags: ['card']; Image: <Surface(64x64x32 SW)>, assets\temporarycardsprite.png; Time: 0
INFO:cards:Card Created: Name: DEFAULT
ID: 42
Tags: ['card']; Image: <Surface(64x64x32 SW)>, assets\temporarycardsprite.png; Time: 0
INFO:cards:Card Created: Name: DEFAULT
ID: 43
Tags: ['card']; Image: <Surface(64x64x32 SW)>, assets\temporarycardsprite.png; Time: 0
INFO:cards:Card Created: Name: DEFAULT
ID: 44
Tags: ['card']; Image: <Surface(64x64x32 SW)>, assets\temporarycardsprite.png; Time: 0
INFO:cards:Card Created: Name: DEFAULT
ID: 45
Tags: ['card']; Image: <Surface(64x64x32 SW)>, assets\temporarycardsprite.png; Time: 0
INFO:cards:Card Created: Name: DEFAULT
ID: 46
Tags: ['card']; Image: <Surface(64x64x32 SW)>, assets\temporarycardsprite.png; Time: 0
INFO:cards:Card Created: Name: DEFAULT
ID: 47
Tags: ['card']; Image: <Surface(64x64x32 SW)>, assets\temporarycardsprite.png; Time: 0
INFO:cards:Card Created: Name: DEFAULT
ID: 48
Tags: ['card']; Image: <Surface(64x64x32 SW)>, assets\temporarycardsprite.png; Time: 0
INFO:cards:Card Created: Name: DEFAULT
ID: 49
Tags: ['card']; Image: <Surface(64x64x32 SW)>, assets\temporarycardsprite.png; Time: 0
INFO:cards:Card Created: Name: DEFAULT
ID: 50
Tags: ['card']; Image: <Surface(64x64x32 SW)>, assets\temporarycardsprite.png; Time: 0
INFO:cards:Card Created: Name: DEFAULT
ID: 51
Tags: ['card']; Image: <Surface(64x64x32 SW)>, assets\temporarycardsprite.png; Time: 0
INFO:__main__:Finished at time: 16
INFO:__main__:Started...
INFO:cards:Card Created: Name: DEFAULT
ID: 0
Tags: ['card']; Image: <Surface(64x64x32 SW)>, assets\temporarycardsprite.png; Time: 0
INFO:cards:Card Created: Name: DEFAULT
ID: 1
Tags: ['card']; Image: <Surface(64x64x32 SW)>, assets\temporarycardsprite.png; Time: 0
INFO:cards:Card Created: Name: DEFAULT
ID: 2
Tags: ['card']; Image: <Surface(64x64x32 SW)>, assets\temporarycardsprite.png; Time: 0
INFO:cards:Card Created: Name: DEFAULT
ID: 3
Tags: ['card']; Image: <Surface(64x64x32 SW)>, assets\temporarycardsprite.png; Time: 0
INFO:cards:Card Created: Name: DEFAULT
ID: 4
Tags: ['card']; Image: <Surface(64x64x32 SW)>, assets\temporarycardsprite.png; Time: 0
INFO:cards:Card Created: Name: DEFAULT
ID: 5
Tags: ['card']; Image: <Surface(64x64x32 SW)>, assets\temporarycardsprite.png; Time: 0
INFO:cards:Card Created: Name: DEFAULT
ID: 6
Tags: ['card']; Image: <Surface(64x64x32 SW)>, assets\temporarycardsprite.png; Time: 0
INFO:cards:Card Created: Name: DEFAULT
ID: 7
Tags: ['card']; Image: <Surface(64x64x32 SW)>, assets\temporarycardsprite.png; Time: 0
INFO:cards:Card Created: Name: DEFAULT
ID: 8
Tags: ['card']; Image: <Surface(64x64x32 SW)>, assets\temporarycardsprite.png; Time: 0
INFO:cards:Card Created: Name: DEFAULT
ID: 9
Tags: ['card']; Image: <Surface(64x64x32 SW)>, assets\temporarycardsprite.png; Time: 0
INFO:cards:Card Created: Name: DEFAULT
ID: 10
Tags: ['card']; Image: <Surface(64x64x32 SW)>, assets\temporarycardsprite.png; Time: 0
INFO:cards:Card Created: Name: DEFAULT
ID: 11
Tags: ['card']; Image: <Surface(64x64x32 SW)>, assets\temporarycardsprite.png; Time: 0
INFO:cards:Card Created: Name: DEFAULT
ID: 12
Tags: ['card']; Image: <Surface(64x64x32 SW)>, assets\temporarycardsprite.png; Time: 0
INFO:cards:Card Created: Name: DEFAULT
ID: 13
Tags: ['card']; Image: <Surface(64x64x32 SW)>, assets\temporarycardsprite.png; Time: 0
INFO:cards:Card Created: Name: DEFAULT
ID: 14
Tags: ['card']; Image: <Surface(64x64x32 SW)>, assets\temporarycardsprite.png; Time: 0
INFO:cards:Card Created: Name: DEFAULT
ID: 15
Tags: ['card']; Image: <Surface(64x64x32 SW)>, assets\temporarycardsprite.png; Time: 0
INFO:cards:Card Created: Name: DEFAULT
ID: 16
Tags: ['card']; Image: <Surface(64x64x32 SW)>, assets\temporarycardsprite.png; Time: 0
INFO:cards:Card Created: Name: DEFAULT
ID: 17
Tags: ['card']; Image: <Surface(64x64x32 SW)>, assets\temporarycardsprite.png; Time: 0
INFO:cards:Card Created: Name: DEFAULT
ID: 18
Tags: ['card']; Image: <Surface(64x64x32 SW)>, assets\temporarycardsprite.png; Time: 0
INFO:cards:Card Created: Name: DEFAULT
ID: 19
Tags: ['card']; Image: <Surface(64x64x32 SW)>, assets\temporarycardsprite.png; Time: 0
INFO:cards:Card Created: Name: DEFAULT
ID: 20
Tags: ['card']; Image: <Surface(64x64x32 SW)>, assets\temporarycardsprite.png; Time: 0
INFO:cards:Card Created: Name: DEFAULT
ID: 21
Tags: ['card']; Image: <Surface(64x64x32 SW)>, assets\temporarycardsprite.png; Time: 0
INFO:cards:Card Created: Name: DEFAULT
ID: 22
Tags: ['card']; Image: <Surface(64x64x32 SW)>, assets\temporarycardsprite.png; Time: 0
INFO:cards:Card Created: Name: DEFAULT
ID: 23
Tags: ['card']; Image: <Surface(64x64x32 SW)>, assets\temporarycardsprite.png; Time: 0
INFO:cards:Card Created: Name: DEFAULT
ID: 24
Tags: ['card']; Image: <Surface(64x64x32 SW)>, assets\temporarycardsprite.png; Time: 0
INFO:cards:Card Created: Name: DEFAULT
ID: 25
Tags: ['card']; Image: <Surface(64x64x32 SW)>, assets\temporarycardsprite.png; Time: 0
INFO:cards:Card Created: Name: DEFAULT
ID: 26
Tags: ['card']; Image: <Surface(64x64x32 SW)>, assets\temporarycardsprite.png; Time: 0
INFO:cards:Card Created: Name: DEFAULT
ID: 27
Tags: ['card']; Image: <Surface(64x64x32 SW)>, assets\temporarycardsprite.png; Time: 0
INFO:cards:Card Created: Name: DEFAULT
ID: 28
Tags: ['card']; Image: <Surface(64x64x32 SW)>, assets\temporarycardsprite.png; Time: 0
INFO:cards:Card Created: Name: DEFAULT
ID: 29
Tags: ['card']; Image: <Surface(64x64x32 SW)>, assets\temporarycardsprite.png; Time: 0
INFO:cards:Card Created: Name: DEFAULT
ID: 30
Tags: ['card']; Image: <Surface(64x64x32 SW)>, assets\temporarycardsprite.png; Time: 0
INFO:cards:Card Created: Name: DEFAULT
ID: 31
Tags: ['card']; Image: <Surface(64x64x32 SW)>, assets\temporarycardsprite.png; Time: 0
INFO:cards:Card Created: Name: DEFAULT
ID: 32
Tags: ['card']; Image: <Surface(64x64x32 SW)>, assets\temporarycardsprite.png; Time: 0
INFO:cards:Card Created: Name: DEFAULT
ID: 33
Tags: ['card']; Image: <Surface(64x64x32 SW)>, assets\temporarycardsprite.png; Time: 0
INFO:cards:Card Created: Name: DEFAULT
ID: 34
Tags: ['card']; Image: <Surface(64x64x32 SW)>, assets\temporarycardsprite.png; Time: 0
INFO:cards:Card Created: Name: DEFAULT
ID: 35
Tags: ['card']; Image: <Surface(64x64x32 SW)>, assets\temporarycardsprite.png; Time: 0
INFO:cards:Card Created: Name: DEFAULT
ID: 36
Tags: ['card']; Image: <Surface(64x64x32 SW)>, assets\temporarycardsprite.png; Time: 0
INFO:cards:Card Created: Name: DEFAULT
ID: 37
Tags: ['card']; Image: <Surface(64x64x32 SW)>, assets\temporarycardsprite.png; Time: 0
INFO:cards:Card Created: Name: DEFAULT
ID: 38
Tags: ['card']; Image: <Surface(64x64x32 SW)>, assets\temporarycardsprite.png; Time: 0
INFO:cards:Card Created: Name: DEFAULT
ID: 39
Tags: ['card']; Image: <Surface(64x64x32 SW)>, assets\temporarycardsprite.png; Time: 0
INFO:cards:Card Created: Name: DEFAULT
ID: 40
Tags: ['card']; Image: <Surface(64x64x32 SW)>, assets\temporarycardsprite.png; Time: 0
INFO:cards:Card Created: Name: DEFAULT
ID: 41
Tags: ['card']; Image: <Surface(64x64x32 SW)>, assets\temporarycardsprite.png; Time: 0
INFO:cards:Card Created: Name: DEFAULT
ID: 42
Tags: ['card']; Image: <Surface(64x64x32 SW)>, assets\temporarycardsprite.png; Time: 0
INFO:cards:Card Created: Name: DEFAULT
ID: 43
Tags: ['card']; Image: <Surface(64x64x32 SW)>, assets\temporarycardsprite.png; Time: 0
INFO:cards:Card Created: Name: DEFAULT
ID: 44
Tags: ['card']; Image: <Surface(64x64x32 SW)>, assets\temporarycardsprite.png; Time: 0
INFO:cards:Card Created: Name: DEFAULT
ID: 45
Tags: ['card']; Image: <Surface(64x64x32 SW)>, assets\temporarycardsprite.png; Time: 0
INFO:cards:Card Created: Name: DEFAULT
ID: 46
Tags: ['card']; Image: <Surface(64x64x32 SW)>, assets\temporarycardsprite.png; Time: 0
INFO:cards:Card Created: Name: DEFAULT
ID: 47
Tags: ['card']; Image: <Surface(64x64x32 SW)>, assets\temporarycardsprite.png; Time: 0
INFO:cards:Card Created: Name: DEFAULT
ID: 48
Tags: ['card']; Image: <Surface(64x64x32 SW)>, assets\temporarycardsprite.png; Time: 0
INFO:cards:Card Created: Name: DEFAULT
ID: 49
Tags: ['card']; Image: <Surface(64x64x32 SW)>, assets\temporarycardsprite.png; Time: 0
INFO:cards:Card Created: Name: DEFAULT
ID: 50
Tags: ['card']; Image: <Surface(64x64x32 SW)>, assets\temporarycardsprite.png; Time: 0
INFO:cards:Card Created: Name: DEFAULT
ID: 51
Tags: ['card']; Image: <Surface(64x64x32 SW)>, assets\temporarycardsprite.png; Time: 0
INFO:__main__:Finished at time: 17
INFO:__main__:Started...
INFO:cards:Card Created: Name: DEFAULT
ID: 0
Tags: ['card']; Image: <Surface(64x64x32 SW)>, assets\temporarycardsprite.png; Time: 0
INFO:cards:Card Created: Name: DEFAULT
ID: 1
Tags: ['card']; Image: <Surface(64x64x32 SW)>, assets\temporarycardsprite.png; Time: 0
INFO:cards:Card Created: Name: DEFAULT
ID: 2
Tags: ['card']; Image: <Surface(64x64x32 SW)>, assets\temporarycardsprite.png; Time: 0
INFO:cards:Card Created: Name: DEFAULT
ID: 3
Tags: ['card']; Image: <Surface(64x64x32 SW)>, assets\temporarycardsprite.png; Time: 0
INFO:cards:Card Created: Name: DEFAULT
ID: 4
Tags: ['card']; Image: <Surface(64x64x32 SW)>, assets\temporarycardsprite.png; Time: 0
INFO:cards:Card Created: Name: DEFAULT
ID: 5
Tags: ['card']; Image: <Surface(64x64x32 SW)>, assets\temporarycardsprite.png; Time: 0
INFO:cards:Card Created: Name: DEFAULT
ID: 6
Tags: ['card']; Image: <Surface(64x64x32 SW)>, assets\temporarycardsprite.png; Time: 0
INFO:cards:Card Created: Name: DEFAULT
ID: 7
Tags: ['card']; Image: <Surface(64x64x32 SW)>, assets\temporarycardsprite.png; Time: 0
INFO:cards:Card Created: Name: DEFAULT
ID: 8
Tags: ['card']; Image: <Surface(64x64x32 SW)>, assets\temporarycardsprite.png; Time: 0
INFO:cards:Card Created: Name: DEFAULT
ID: 9
Tags: ['card']; Image: <Surface(64x64x32 SW)>, assets\temporarycardsprite.png; Time: 0
INFO:cards:Card Created: Name: DEFAULT
ID: 10
Tags: ['card']; Image: <Surface(64x64x32 SW)>, assets\temporarycardsprite.png; Time: 0
INFO:cards:Card Created: Name: DEFAULT
ID: 11
Tags: ['card']; Image: <Surface(64x64x32 SW)>, assets\temporarycardsprite.png; Time: 0
INFO:cards:Card Created: Name: DEFAULT
ID: 12
Tags: ['card']; Image: <Surface(64x64x32 SW)>, assets\temporarycardsprite.png; Time: 0
INFO:cards:Card Created: Name: DEFAULT
ID: 13
Tags: ['card']; Image: <Surface(64x64x32 SW)>, assets\temporarycardsprite.png; Time: 0
INFO:cards:Card Created: Name: DEFAULT
ID: 14
Tags: ['card']; Image: <Surface(64x64x32 SW)>, assets\temporarycardsprite.png; Time: 0
INFO:cards:Card Created: Name: DEFAULT
ID: 15
Tags: ['card']; Image: <Surface(64x64x32 SW)>, assets\temporarycardsprite.png; Time: 0
INFO:cards:Card Created: Name: DEFAULT
ID: 16
Tags: ['card']; Image: <Surface(64x64x32 SW)>, assets\temporarycardsprite.png; Time: 0
INFO:cards:Card Created: Name: DEFAULT
ID: 17
Tags: ['card']; Image: <Surface(64x64x32 SW)>, assets\temporarycardsprite.png; Time: 0
INFO:cards:Card Created: Name: DEFAULT
ID: 18
Tags: ['card']; Image: <Surface(64x64x32 SW)>, assets\temporarycardsprite.png; Time: 0
INFO:cards:Card Created: Name: DEFAULT
ID: 19
Tags: ['card']; Image: <Surface(64x64x32 SW)>, assets\temporarycardsprite.png; Time: 0
INFO:cards:Card Created: Name: DEFAULT
ID: 20
Tags: ['card']; Image: <Surface(64x64x32 SW)>, assets\temporarycardsprite.png; Time: 0
INFO:cards:Card Created: Name: DEFAULT
ID: 21
Tags: ['card']; Image: <Surface(64x64x32 SW)>, assets\temporarycardsprite.png; Time: 0
INFO:cards:Card Created: Name: DEFAULT
ID: 22
Tags: ['card']; Image: <Surface(64x64x32 SW)>, assets\temporarycardsprite.png; Time: 0
INFO:cards:Card Created: Name: DEFAULT
ID: 23
Tags: ['card']; Image: <Surface(64x64x32 SW)>, assets\temporarycardsprite.png; Time: 0
INFO:cards:Card Created: Name: DEFAULT
ID: 24
Tags: ['card']; Image: <Surface(64x64x32 SW)>, assets\temporarycardsprite.png; Time: 0
INFO:cards:Card Created: Name: DEFAULT
ID: 25
Tags: ['card']; Image: <Surface(64x64x32 SW)>, assets\temporarycardsprite.png; Time: 0
INFO:cards:Card Created: Name: DEFAULT
ID: 26
Tags: ['card']; Image: <Surface(64x64x32 SW)>, assets\temporarycardsprite.png; Time: 0
INFO:cards:Card Created: Name: DEFAULT
ID: 27
Tags: ['card']; Image: <Surface(64x64x32 SW)>, assets\temporarycardsprite.png; Time: 0
INFO:cards:Card Created: Name: DEFAULT
ID: 28
Tags: ['card']; Image: <Surface(64x64x32 SW)>, assets\temporarycardsprite.png; Time: 0
INFO:cards:Card Created: Name: DEFAULT
ID: 29
Tags: ['card']; Image: <Surface(64x64x32 SW)>, assets\temporarycardsprite.png; Time: 0
INFO:cards:Card Created: Name: DEFAULT
ID: 30
Tags: ['card']; Image: <Surface(64x64x32 SW)>, assets\temporarycardsprite.png; Time: 0
INFO:cards:Card Created: Name: DEFAULT
ID: 31
Tags: ['card']; Image: <Surface(64x64x32 SW)>, assets\temporarycardsprite.png; Time: 0
INFO:cards:Card Created: Name: DEFAULT
ID: 32
Tags: ['card']; Image: <Surface(64x64x32 SW)>, assets\temporarycardsprite.png; Time: 0
INFO:cards:Card Created: Name: DEFAULT
ID: 33
Tags: ['card']; Image: <Surface(64x64x32 SW)>, assets\temporarycardsprite.png; Time: 0
INFO:cards:Card Created: Name: DEFAULT
ID: 34
Tags: ['card']; Image: <Surface(64x64x32 SW)>, assets\temporarycardsprite.png; Time: 0
INFO:cards:Card Created: Name: DEFAULT
ID: 35
Tags: ['card']; Image: <Surface(64x64x32 SW)>, assets\temporarycardsprite.png; Time: 0
INFO:cards:Card Created: Name: DEFAULT
ID: 36
Tags: ['card']; Image: <Surface(64x64x32 SW)>, assets\temporarycardsprite.png; Time: 0
INFO:cards:Card Created: Name: DEFAULT
ID: 37
Tags: ['card']; Image: <Surface(64x64x32 SW)>, assets\temporarycardsprite.png; Time: 0
INFO:cards:Card Created: Name: DEFAULT
ID: 38
Tags: ['card']; Image: <Surface(64x64x32 SW)>, assets\temporarycardsprite.png; Time: 0
INFO:cards:Card Created: Name: DEFAULT
ID: 39
Tags: ['card']; Image: <Surface(64x64x32 SW)>, assets\temporarycardsprite.png; Time: 0
INFO:cards:Card Created: Name: DEFAULT
ID: 40
Tags: ['card']; Image: <Surface(64x64x32 SW)>, assets\temporarycardsprite.png; Time: 0
INFO:cards:Card Created: Name: DEFAULT
ID: 41
Tags: ['card']; Image: <Surface(64x64x32 SW)>, assets\temporarycardsprite.png; Time: 0
INFO:cards:Card Created: Name: DEFAULT
ID: 42
Tags: ['card']; Image: <Surface(64x64x32 SW)>, assets\temporarycardsprite.png; Time: 0
INFO:cards:Card Created: Name: DEFAULT
ID: 43
Tags: ['card']; Image: <Surface(64x64x32 SW)>, assets\temporarycardsprite.png; Time: 0
INFO:cards:Card Created: Name: DEFAULT
ID: 44
Tags: ['card']; Image: <Surface(64x64x32 SW)>, assets\temporarycardsprite.png; Time: 0
INFO:cards:Card Created: Name: DEFAULT
ID: 45
Tags: ['card']; Image: <Surface(64x64x32 SW)>, assets\temporarycardsprite.png; Time: 0
INFO:cards:Card Created: Name: DEFAULT
ID: 46
Tags: ['card']; Image: <Surface(64x64x32 SW)>, assets\temporarycardsprite.png; Time: 0
INFO:cards:Card Created: Name: DEFAULT
ID: 47
Tags: ['card']; Image: <Surface(64x64x32 SW)>, assets\temporarycardsprite.png; Time: 0
INFO:cards:Card Created: Name: DEFAULT
ID: 48
Tags: ['card']; Image: <Surface(64x64x32 SW)>, assets\temporarycardsprite.png; Time: 0
INFO:cards:Card Created: Name: DEFAULT
ID: 49
Tags: ['card']; Image: <Surface(64x64x32 SW)>, assets\temporarycardsprite.png; Time: 0
INFO:cards:Card Created: Name: DEFAULT
ID: 50
Tags: ['card']; Image: <Surface(64x64x32 SW)>, assets\temporarycardsprite.png; Time: 0
INFO:cards:Card Created: Name: DEFAULT
ID: 51
Tags: ['card']; Image: <Surface(64x64x32 SW)>, assets\temporarycardsprite.png; Time: 0
INFO:__main__:Finished at time: 17
INFO:__main__:Started...
INFO:cards:Card Created: Name: DEFAULT
ID: 0
Tags: ['card']; Image: <Surface(64x64x32 SW)>, assets\temporarycardsprite.png; Time: 0
INFO:cards:Card Created: Name: DEFAULT
ID: 1
Tags: ['card']; Image: <Surface(64x64x32 SW)>, assets\temporarycardsprite.png; Time: 0
INFO:cards:Card Created: Name: DEFAULT
ID: 2
Tags: ['card']; Image: <Surface(64x64x32 SW)>, assets\temporarycardsprite.png; Time: 0
INFO:cards:Card Created: Name: DEFAULT
ID: 3
Tags: ['card']; Image: <Surface(64x64x32 SW)>, assets\temporarycardsprite.png; Time: 0
INFO:cards:Card Created: Name: DEFAULT
ID: 4
Tags: ['card']; Image: <Surface(64x64x32 SW)>, assets\temporarycardsprite.png; Time: 0
INFO:cards:Card Created: Name: DEFAULT
ID: 5
Tags: ['card']; Image: <Surface(64x64x32 SW)>, assets\temporarycardsprite.png; Time: 0
INFO:cards:Card Created: Name: DEFAULT
ID: 6
Tags: ['card']; Image: <Surface(64x64x32 SW)>, assets\temporarycardsprite.png; Time: 0
INFO:cards:Card Created: Name: DEFAULT
ID: 7
Tags: ['card']; Image: <Surface(64x64x32 SW)>, assets\temporarycardsprite.png; Time: 0
INFO:cards:Card Created: Name: DEFAULT
ID: 8
Tags: ['card']; Image: <Surface(64x64x32 SW)>, assets\temporarycardsprite.png; Time: 0
INFO:cards:Card Created: Name: DEFAULT
ID: 9
Tags: ['card']; Image: <Surface(64x64x32 SW)>, assets\temporarycardsprite.png; Time: 0
INFO:cards:Card Created: Name: DEFAULT
ID: 10
Tags: ['card']; Image: <Surface(64x64x32 SW)>, assets\temporarycardsprite.png; Time: 0
INFO:cards:Card Created: Name: DEFAULT
ID: 11
Tags: ['card']; Image: <Surface(64x64x32 SW)>, assets\temporarycardsprite.png; Time: 0
INFO:cards:Card Created: Name: DEFAULT
ID: 12
Tags: ['card']; Image: <Surface(64x64x32 SW)>, assets\temporarycardsprite.png; Time: 0
INFO:cards:Card Created: Name: DEFAULT
ID: 13
Tags: ['card']; Image: <Surface(64x64x32 SW)>, assets\temporarycardsprite.png; Time: 0
INFO:cards:Card Created: Name: DEFAULT
ID: 14
Tags: ['card']; Image: <Surface(64x64x32 SW)>, assets\temporarycardsprite.png; Time: 0
INFO:cards:Card Created: Name: DEFAULT
ID: 15
Tags: ['card']; Image: <Surface(64x64x32 SW)>, assets\temporarycardsprite.png; Time: 0
INFO:cards:Card Created: Name: DEFAULT
ID: 16
Tags: ['card']; Image: <Surface(64x64x32 SW)>, assets\temporarycardsprite.png; Time: 0
INFO:cards:Card Created: Name: DEFAULT
ID: 17
Tags: ['card']; Image: <Surface(64x64x32 SW)>, assets\temporarycardsprite.png; Time: 0
INFO:cards:Card Created: Name: DEFAULT
ID: 18
Tags: ['card']; Image: <Surface(64x64x32 SW)>, assets\temporarycardsprite.png; Time: 0
INFO:cards:Card Created: Name: DEFAULT
ID: 19
Tags: ['card']; Image: <Surface(64x64x32 SW)>, assets\temporarycardsprite.png; Time: 0
INFO:cards:Card Created: Name: DEFAULT
ID: 20
Tags: ['card']; Image: <Surface(64x64x32 SW)>, assets\temporarycardsprite.png; Time: 0
INFO:cards:Card Created: Name: DEFAULT
ID: 21
Tags: ['card']; Image: <Surface(64x64x32 SW)>, assets\temporarycardsprite.png; Time: 0
INFO:cards:Card Created: Name: DEFAULT
ID: 22
Tags: ['card']; Image: <Surface(64x64x32 SW)>, assets\temporarycardsprite.png; Time: 0
INFO:cards:Card Created: Name: DEFAULT
ID: 23
Tags: ['card']; Image: <Surface(64x64x32 SW)>, assets\temporarycardsprite.png; Time: 0
INFO:cards:Card Created: Name: DEFAULT
ID: 24
Tags: ['card']; Image: <Surface(64x64x32 SW)>, assets\temporarycardsprite.png; Time: 0
INFO:cards:Card Created: Name: DEFAULT
ID: 25
Tags: ['card']; Image: <Surface(64x64x32 SW)>, assets\temporarycardsprite.png; Time: 0
INFO:cards:Card Created: Name: DEFAULT
ID: 26
Tags: ['card']; Image: <Surface(64x64x32 SW)>, assets\temporarycardsprite.png; Time: 0
INFO:cards:Card Created: Name: DEFAULT
ID: 27
Tags: ['card']; Image: <Surface(64x64x32 SW)>, assets\temporarycardsprite.png; Time: 0
INFO:cards:Card Created: Name: DEFAULT
ID: 28
Tags: ['card']; Image: <Surface(64x64x32 SW)>, assets\temporarycardsprite.png; Time: 0
INFO:cards:Card Created: Name: DEFAULT
ID: 29
Tags: ['card']; Image: <Surface(64x64x32 SW)>, assets\temporarycardsprite.png; Time: 0
INFO:cards:Card Created: Name: DEFAULT
ID: 30
Tags: ['card']; Image: <Surface(64x64x32 SW)>, assets\temporarycardsprite.png; Time: 0
INFO:cards:Card Created: Name: DEFAULT
ID: 31
Tags: ['card']; Image: <Surface(64x64x32 SW)>, assets\temporarycardsprite.png; Time: 0
INFO:cards:Card Created: Name: DEFAULT
ID: 32
Tags: ['card']; Image: <Surface(64x64x32 SW)>, assets\temporarycardsprite.png; Time: 0
INFO:cards:Card Created: Name: DEFAULT
ID: 33
Tags: ['card']; Image: <Surface(64x64x32 SW)>, assets\temporarycardsprite.png; Time: 0
INFO:cards:Card Created: Name: DEFAULT
ID: 34
Tags: ['card']; Image: <Surface(64x64x32 SW)>, assets\temporarycardsprite.png; Time: 0
INFO:cards:Card Created: Name: DEFAULT
ID: 35
Tags: ['card']; Image: <Surface(64x64x32 SW)>, assets\temporarycardsprite.png; Time: 0
INFO:cards:Card Created: Name: DEFAULT
ID: 36
Tags: ['card']; Image: <Surface(64x64x32 SW)>, assets\temporarycardsprite.png; Time: 0
INFO:cards:Card Created: Name: DEFAULT
ID: 37
Tags: ['card']; Image: <Surface(64x64x32 SW)>, assets\temporarycardsprite.png; Time: 0
INFO:cards:Card Created: Name: DEFAULT
ID: 38
Tags: ['card']; Image: <Surface(64x64x32 SW)>, assets\temporarycardsprite.png; Time: 0
INFO:cards:Card Created: Name: DEFAULT
ID: 39
Tags: ['card']; Image: <Surface(64x64x32 SW)>, assets\temporarycardsprite.png; Time: 0
INFO:cards:Card Created: Name: DEFAULT
ID: 40
Tags: ['card']; Image: <Surface(64x64x32 SW)>, assets\temporarycardsprite.png; Time: 0
INFO:cards:Card Created: Name: DEFAULT
ID: 41
Tags: ['card']; Image: <Surface(64x64x32 SW)>, assets\temporarycardsprite.png; Time: 0
INFO:cards:Card Created: Name: DEFAULT
ID: 42
Tags: ['card']; Image: <Surface(64x64x32 SW)>, assets\temporarycardsprite.png; Time: 0
INFO:cards:Card Created: Name: DEFAULT
ID: 43
Tags: ['card']; Image: <Surface(64x64x32 SW)>, assets\temporarycardsprite.png; Time: 0
INFO:cards:Card Created: Name: DEFAULT
ID: 44
Tags: ['card']; Image: <Surface(64x64x32 SW)>, assets\temporarycardsprite.png; Time: 0
INFO:cards:Card Created: Name: DEFAULT
ID: 45
Tags: ['card']; Image: <Surface(64x64x32 SW)>, assets\temporarycardsprite.png; Time: 0
INFO:cards:Card Created: Name: DEFAULT
ID: 46
Tags: ['card']; Image: <Surface(64x64x32 SW)>, assets\temporarycardsprite.png; Time: 0
INFO:cards:Card Created: Name: DEFAULT
ID: 47
Tags: ['card']; Image: <Surface(64x64x32 SW)>, assets\temporarycardsprite.png; Time: 0
INFO:cards:Card Created: Name: DEFAULT
ID: 48
Tags: ['card']; Image: <Surface(64x64x32 SW)>, assets\temporarycardsprite.png; Time: 0
INFO:cards:Card Created: Name: DEFAULT
ID: 49
Tags: ['card']; Image: <Surface(64x64x32 SW)>, assets\temporarycardsprite.png; Time: 0
INFO:cards:Card Created: Name: DEFAULT
ID: 50
Tags: ['card']; Image: <Surface(64x64x32 SW)>, assets\temporarycardsprite.png; Time: 0
INFO:cards:Card Created: Name: DEFAULT
ID: 51
Tags: ['card']; Image: <Surface(64x64x32 SW)>, assets\temporarycardsprite.png; Time: 0
INFO:__main__:Finished at time: 17
INFO:__main__:Started...
INFO:cards:Card Created: Name: DEFAULT
ID: 0
Tags: ['card']; Image: <Surface(64x64x32 SW)>, assets\temporarycardsprite.png; Time: 0
INFO:cards:Card Created: Name: DEFAULT
ID: 1
Tags: ['card']; Image: <Surface(64x64x32 SW)>, assets\temporarycardsprite.png; Time: 0
INFO:cards:Card Created: Name: DEFAULT
ID: 2
Tags: ['card']; Image: <Surface(64x64x32 SW)>, assets\temporarycardsprite.png; Time: 0
INFO:cards:Card Created: Name: DEFAULT
ID: 3
Tags: ['card']; Image: <Surface(64x64x32 SW)>, assets\temporarycardsprite.png; Time: 0
INFO:cards:Card Created: Name: DEFAULT
ID: 4
Tags: ['card']; Image: <Surface(64x64x32 SW)>, assets\temporarycardsprite.png; Time: 0
INFO:cards:Card Created: Name: DEFAULT
ID: 5
Tags: ['card']; Image: <Surface(64x64x32 SW)>, assets\temporarycardsprite.png; Time: 0
INFO:cards:Card Created: Name: DEFAULT
ID: 6
Tags: ['card']; Image: <Surface(64x64x32 SW)>, assets\temporarycardsprite.png; Time: 0
INFO:cards:Card Created: Name: DEFAULT
ID: 7
Tags: ['card']; Image: <Surface(64x64x32 SW)>, assets\temporarycardsprite.png; Time: 0
INFO:cards:Card Created: Name: DEFAULT
ID: 8
Tags: ['card']; Image: <Surface(64x64x32 SW)>, assets\temporarycardsprite.png; Time: 0
INFO:cards:Card Created: Name: DEFAULT
ID: 9
Tags: ['card']; Image: <Surface(64x64x32 SW)>, assets\temporarycardsprite.png; Time: 0
INFO:cards:Card Created: Name: DEFAULT
ID: 10
Tags: ['card']; Image: <Surface(64x64x32 SW)>, assets\temporarycardsprite.png; Time: 0
INFO:cards:Card Created: Name: DEFAULT
ID: 11
Tags: ['card']; Image: <Surface(64x64x32 SW)>, assets\temporarycardsprite.png; Time: 0
INFO:cards:Card Created: Name: DEFAULT
ID: 12
Tags: ['card']; Image: <Surface(64x64x32 SW)>, assets\temporarycardsprite.png; Time: 0
INFO:cards:Card Created: Name: DEFAULT
ID: 13
Tags: ['card']; Image: <Surface(64x64x32 SW)>, assets\temporarycardsprite.png; Time: 0
INFO:cards:Card Created: Name: DEFAULT
ID: 14
Tags: ['card']; Image: <Surface(64x64x32 SW)>, assets\temporarycardsprite.png; Time: 0
INFO:cards:Card Created: Name: DEFAULT
ID: 15
Tags: ['card']; Image: <Surface(64x64x32 SW)>, assets\temporarycardsprite.png; Time: 0
INFO:cards:Card Created: Name: DEFAULT
ID: 16
Tags: ['card']; Image: <Surface(64x64x32 SW)>, assets\temporarycardsprite.png; Time: 0
INFO:cards:Card Created: Name: DEFAULT
ID: 17
Tags: ['card']; Image: <Surface(64x64x32 SW)>, assets\temporarycardsprite.png; Time: 0
INFO:cards:Card Created: Name: DEFAULT
ID: 18
Tags: ['card']; Image: <Surface(64x64x32 SW)>, assets\temporarycardsprite.png; Time: 0
INFO:cards:Card Created: Name: DEFAULT
ID: 19
Tags: ['card']; Image: <Surface(64x64x32 SW)>, assets\temporarycardsprite.png; Time: 0
INFO:cards:Card Created: Name: DEFAULT
ID: 20
Tags: ['card']; Image: <Surface(64x64x32 SW)>, assets\temporarycardsprite.png; Time: 0
INFO:cards:Card Created: Name: DEFAULT
ID: 21
Tags: ['card']; Image: <Surface(64x64x32 SW)>, assets\temporarycardsprite.png; Time: 0
INFO:cards:Card Created: Name: DEFAULT
ID: 22
Tags: ['card']; Image: <Surface(64x64x32 SW)>, assets\temporarycardsprite.png; Time: 0
INFO:cards:Card Created: Name: DEFAULT
ID: 23
Tags: ['card']; Image: <Surface(64x64x32 SW)>, assets\temporarycardsprite.png; Time: 0
INFO:cards:Card Created: Name: DEFAULT
ID: 24
Tags: ['card']; Image: <Surface(64x64x32 SW)>, assets\temporarycardsprite.png; Time: 0
INFO:cards:Card Created: Name: DEFAULT
ID: 25
Tags: ['card']; Image: <Surface(64x64x32 SW)>, assets\temporarycardsprite.png; Time: 0
INFO:cards:Card Created: Name: DEFAULT
ID: 26
Tags: ['card']; Image: <Surface(64x64x32 SW)>, assets\temporarycardsprite.png; Time: 0
INFO:cards:Card Created: Name: DEFAULT
ID: 27
Tags: ['card']; Image: <Surface(64x64x32 SW)>, assets\temporarycardsprite.png; Time: 0
INFO:cards:Card Created: Name: DEFAULT
ID: 28
Tags: ['card']; Image: <Surface(64x64x32 SW)>, assets\temporarycardsprite.png; Time: 0
INFO:cards:Card Created: Name: DEFAULT
ID: 29
Tags: ['card']; Image: <Surface(64x64x32 SW)>, assets\temporarycardsprite.png; Time: 0
INFO:cards:Card Created: Name: DEFAULT
ID: 30
Tags: ['card']; Image: <Surface(64x64x32 SW)>, assets\temporarycardsprite.png; Time: 0
INFO:cards:Card Created: Name: DEFAULT
ID: 31
Tags: ['card']; Image: <Surface(64x64x32 SW)>, assets\temporarycardsprite.png; Time: 0
INFO:cards:Card Created: Name: DEFAULT
ID: 32
Tags: ['card']; Image: <Surface(64x64x32 SW)>, assets\temporarycardsprite.png; Time: 0
INFO:cards:Card Created: Name: DEFAULT
ID: 33
Tags: ['card']; Image: <Surface(64x64x32 SW)>, assets\temporarycardsprite.png; Time: 0
INFO:cards:Card Created: Name: DEFAULT
ID: 34
Tags: ['card']; Image: <Surface(64x64x32 SW)>, assets\temporarycardsprite.png; Time: 0
INFO:cards:Card Created: Name: DEFAULT
ID: 35
Tags: ['card']; Image: <Surface(64x64x32 SW)>, assets\temporarycardsprite.png; Time: 0
INFO:cards:Card Created: Name: DEFAULT
ID: 36
Tags: ['card']; Image: <Surface(64x64x32 SW)>, assets\temporarycardsprite.png; Time: 0
INFO:cards:Card Created: Name: DEFAULT
ID: 37
Tags: ['card']; Image: <Surface(64x64x32 SW)>, assets\temporarycardsprite.png; Time: 0
INFO:cards:Card Created: Name: DEFAULT
ID: 38
Tags: ['card']; Image: <Surface(64x64x32 SW)>, assets\temporarycardsprite.png; Time: 0
INFO:cards:Card Created: Name: DEFAULT
ID: 39
Tags: ['card']; Image: <Surface(64x64x32 SW)>, assets\temporarycardsprite.png; Time: 0
INFO:cards:Card Created: Name: DEFAULT
ID: 40
Tags: ['card']; Image: <Surface(64x64x32 SW)>, assets\temporarycardsprite.png; Time: 0
INFO:cards:Card Created: Name: DEFAULT
ID: 41
Tags: ['card']; Image: <Surface(64x64x32 SW)>, assets\temporarycardsprite.png; Time: 0
INFO:cards:Card Created: Name: DEFAULT
ID: 42
Tags: ['card']; Image: <Surface(64x64x32 SW)>, assets\temporarycardsprite.png; Time: 0
INFO:cards:Card Created: Name: DEFAULT
ID: 43
Tags: ['card']; Image: <Surface(64x64x32 SW)>, assets\temporarycardsprite.png; Time: 0
INFO:cards:Card Created: Name: DEFAULT
ID: 44
Tags: ['card']; Image: <Surface(64x64x32 SW)>, assets\temporarycardsprite.png; Time: 0
INFO:cards:Card Created: Name: DEFAULT
ID: 45
Tags: ['card']; Image: <Surface(64x64x32 SW)>, assets\temporarycardsprite.png; Time: 0
INFO:cards:Card Created: Name: DEFAULT
ID: 46
Tags: ['card']; Image: <Surface(64x64x32 SW)>, assets\temporarycardsprite.png; Time: 0
INFO:cards:Card Created: Name: DEFAULT
ID: 47
Tags: ['card']; Image: <Surface(64x64x32 SW)>, assets\temporarycardsprite.png; Time: 0
INFO:cards:Card Created: Name: DEFAULT
ID: 48
Tags: ['card']; Image: <Surface(64x64x32 SW)>, assets\temporarycardsprite.png; Time: 0
INFO:cards:Card Created: Name: DEFAULT
ID: 49
Tags: ['card']; Image: <Surface(64x64x32 SW)>, assets\temporarycardsprite.png; Time: 0
INFO:cards:Card Created: Name: DEFAULT
ID: 50
Tags: ['card']; Image: <Surface(64x64x32 SW)>, assets\temporarycardsprite.png; Time: 0
INFO:cards:Card Created: Name: DEFAULT
ID: 51
Tags: ['card']; Image: <Surface(64x64x32 SW)>, assets\temporarycardsprite.png; Time: 0
INFO:cards:Card Created: Name: Default
ID: 0
Tags: ['card']; Image: <Surface(64x64x32 SW)>, assets\temporarycardsprite.png; Time: 0
INFO:cards:Card Created: Name: Default
ID: 1
Tags: ['card']; Image: <Surface(64x64x32 SW)>, assets\temporarycardsprite.png; Time: 0
INFO:cards:Card Created: Name: Default
ID: 2
Tags: ['card']; Image: <Surface(64x64x32 SW)>, assets\temporarycardsprite.png; Time: 0
INFO:cards:Card Created: Name: Default
ID: 3
Tags: ['card']; Image: <Surface(64x64x32 SW)>, assets\temporarycardsprite.png; Time: 0
INFO:cards:Card Created: Name: Default
ID: 4
Tags: ['card']; Image: <Surface(64x64x32 SW)>, assets\temporarycardsprite.png; Time: 0
INFO:cards:Card Created: Name: Default
ID: 5
Tags: ['card']; Image: <Surface(64x64x32 SW)>, assets\temporarycardsprite.png; Time: 0
INFO:cards:Card Created: Name: Default
ID: 6
Tags: ['card']; Image: <Surface(64x64x32 SW)>, assets\temporarycardsprite.png; Time: 0
INFO:cards:Card Created: Name: Default
ID: 7
Tags: ['card']; Image: <Surface(64x64x32 SW)>, assets\temporarycardsprite.png; Time: 0
INFO:cards:Card Created: Name: Default
ID: 8
Tags: ['card']; Image: <Surface(64x64x32 SW)>, assets\temporarycardsprite.png; Time: 0
INFO:cards:Card Created: Name: Default
ID: 9
Tags: ['card']; Image: <Surface(64x64x32 SW)>, assets\temporarycardsprite.png; Time: 0
INFO:cards:Card Created: Name: Default
ID: 10
Tags: ['card']; Image: <Surface(64x64x32 SW)>, assets\temporarycardsprite.png; Time: 0
INFO:cards:Card Created: Name: Default
ID: 11
Tags: ['card']; Image: <Surface(64x64x32 SW)>, assets\temporarycardsprite.png; Time: 0
INFO:cards:Card Created: Name: Default
ID: 12
Tags: ['card']; Image: <Surface(64x64x32 SW)>, assets\temporarycardsprite.png; Time: 0
INFO:cards:Card Created: Name: Default
ID: 13
Tags: ['card']; Image: <Surface(64x64x32 SW)>, assets\temporarycardsprite.png; Time: 0
INFO:cards:Card Created: Name: Default
ID: 14
Tags: ['card']; Image: <Surface(64x64x32 SW)>, assets\temporarycardsprite.png; Time: 0
INFO:cards:Card Created: Name: Default
ID: 15
Tags: ['card']; Image: <Surface(64x64x32 SW)>, assets\temporarycardsprite.png; Time: 0
INFO:cards:Card Created: Name: Default
ID: 16
Tags: ['card']; Image: <Surface(64x64x32 SW)>, assets\temporarycardsprite.png; Time: 0
INFO:cards:Card Created: Name: Default
ID: 17
Tags: ['card']; Image: <Surface(64x64x32 SW)>, assets\temporarycardsprite.png; Time: 0
INFO:cards:Card Created: Name: Default
ID: 18
Tags: ['card']; Image: <Surface(64x64x32 SW)>, assets\temporarycardsprite.png; Time: 0
INFO:cards:Card Created: Name: Default
ID: 19
Tags: ['card']; Image: <Surface(64x64x32 SW)>, assets\temporarycardsprite.png; Time: 0
INFO:cards:Card Created: Name: Default
ID: 20
Tags: ['card']; Image: <Surface(64x64x32 SW)>, assets\temporarycardsprite.png; Time: 0
INFO:cards:Card Created: Name: Default
ID: 21
Tags: ['card']; Image: <Surface(64x64x32 SW)>, assets\temporarycardsprite.png; Time: 0
INFO:cards:Card Created: Name: Default
ID: 22
Tags: ['card']; Image: <Surface(64x64x32 SW)>, assets\temporarycardsprite.png; Time: 0
INFO:cards:Card Created: Name: Default
ID: 23
Tags: ['card']; Image: <Surface(64x64x32 SW)>, assets\temporarycardsprite.png; Time: 0
INFO:cards:Card Created: Name: Default
ID: 24
Tags: ['card']; Image: <Surface(64x64x32 SW)>, assets\temporarycardsprite.png; Time: 0
INFO:cards:Card Created: Name: Default
ID: 25
Tags: ['card']; Image: <Surface(64x64x32 SW)>, assets\temporarycardsprite.png; Time: 0
INFO:cards:Card Created: Name: Default
ID: 26
Tags: ['card']; Image: <Surface(64x64x32 SW)>, assets\temporarycardsprite.png; Time: 0
INFO:cards:Card Created: Name: Default
ID: 27
Tags: ['card']; Image: <Surface(64x64x32 SW)>, assets\temporarycardsprite.png; Time: 0
INFO:cards:Card Created: Name: Default
ID: 28
Tags: ['card']; Image: <Surface(64x64x32 SW)>, assets\temporarycardsprite.png; Time: 0
INFO:cards:Card Created: Name: Default
ID: 29
Tags: ['card']; Image: <Surface(64x64x32 SW)>, assets\temporarycardsprite.png; Time: 0
INFO:cards:Card Created: Name: Default
ID: 30
Tags: ['card']; Image: <Surface(64x64x32 SW)>, assets\temporarycardsprite.png; Time: 0
INFO:cards:Card Created: Name: Default
ID: 31
Tags: ['card']; Image: <Surface(64x64x32 SW)>, assets\temporarycardsprite.png; Time: 0
INFO:cards:Card Created: Name: Default
ID: 32
Tags: ['card']; Image: <Surface(64x64x32 SW)>, assets\temporarycardsprite.png; Time: 0
INFO:cards:Card Created: Name: Default
ID: 33
Tags: ['card']; Image: <Surface(64x64x32 SW)>, assets\temporarycardsprite.png; Time: 0
INFO:cards:Card Created: Name: Default
ID: 34
Tags: ['card']; Image: <Surface(64x64x32 SW)>, assets\temporarycardsprite.png; Time: 0
INFO:cards:Card Created: Name: Default
ID: 35
Tags: ['card']; Image: <Surface(64x64x32 SW)>, assets\temporarycardsprite.png; Time: 0
INFO:cards:Card Created: Name: Default
ID: 36
Tags: ['card']; Image: <Surface(64x64x32 SW)>, assets\temporarycardsprite.png; Time: 0
INFO:cards:Card Created: Name: Default
ID: 37
Tags: ['card']; Image: <Surface(64x64x32 SW)>, assets\temporarycardsprite.png; Time: 0
INFO:cards:Card Created: Name: Default
ID: 38
Tags: ['card']; Image: <Surface(64x64x32 SW)>, assets\temporarycardsprite.png; Time: 0
INFO:cards:Card Created: Name: Default
ID: 39
Tags: ['card']; Image: <Surface(64x64x32 SW)>, assets\temporarycardsprite.png; Time: 0
INFO:cards:Card Created: Name: Default
ID: 40
Tags: ['card']; Image: <Surface(64x64x32 SW)>, assets\temporarycardsprite.png; Time: 0
INFO:cards:Card Created: Name: Default
ID: 41
Tags: ['card']; Image: <Surface(64x64x32 SW)>, assets\temporarycardsprite.png; Time: 0
INFO:cards:Card Created: Name: Default
ID: 42
Tags: ['card']; Image: <Surface(64x64x32 SW)>, assets\temporarycardsprite.png; Time: 0
INFO:cards:Card Created: Name: Default
ID: 43
Tags: ['card']; Image: <Surface(64x64x32 SW)>, assets\temporarycardsprite.png; Time: 0
INFO:cards:Card Created: Name: Default
ID: 44
Tags: ['card']; Image: <Surface(64x64x32 SW)>, assets\temporarycardsprite.png; Time: 0
INFO:cards:Card Created: Name: Default
ID: 45
Tags: ['card']; Image: <Surface(64x64x32 SW)>, assets\temporarycardsprite.png; Time: 0
INFO:cards:Card Created: Name: Default
ID: 46
Tags: ['card']; Image: <Surface(64x64x32 SW)>, assets\temporarycardsprite.png; Time: 0
INFO:cards:Card Created: Name: Default
ID: 47
Tags: ['card']; Image: <Surface(64x64x32 SW)>, assets\temporarycardsprite.png; Time: 0
INFO:cards:Card Created: Name: Default
ID: 48
Tags: ['card']; Image: <Surface(64x64x32 SW)>, assets\temporarycardsprite.png; Time: 0
INFO:cards:Card Created: Name: Default
ID: 49
Tags: ['card']; Image: <Surface(64x64x32 SW)>, assets\temporarycardsprite.png; Time: 0
INFO:cards:Card Created: Name: Default
ID: 50
Tags: ['card']; Image: <Surface(64x64x32 SW)>, assets\temporarycardsprite.png; Time: 0
INFO:cards:Card Created: Name: Default
ID: 51
Tags: ['card']; Image: <Surface(64x64x32 SW)>, assets\temporarycardsprite.png; Time: 0
INFO:__main__:Started...
INFO:cards:Card Created: Name: DEFAULT
ID: 0
Tags: ['card']; Image: <Surface(64x64x32 SW)>, assets\temporarycardsprite.png; Time: 0
INFO:cards:Card Created: Name: DEFAULT
ID: 1
Tags: ['card']; Image: <Surface(64x64x32 SW)>, assets\temporarycardsprite.png; Time: 0
INFO:cards:Card Created: Name: DEFAULT
ID: 2
Tags: ['card']; Image: <Surface(64x64x32 SW)>, assets\temporarycardsprite.png; Time: 0
INFO:cards:Card Created: Name: DEFAULT
ID: 3
Tags: ['card']; Image: <Surface(64x64x32 SW)>, assets\temporarycardsprite.png; Time: 0
INFO:cards:Card Created: Name: DEFAULT
ID: 4
Tags: ['card']; Image: <Surface(64x64x32 SW)>, assets\temporarycardsprite.png; Time: 0
INFO:cards:Card Created: Name: DEFAULT
ID: 5
Tags: ['card']; Image: <Surface(64x64x32 SW)>, assets\temporarycardsprite.png; Time: 0
INFO:cards:Card Created: Name: DEFAULT
ID: 6
Tags: ['card']; Image: <Surface(64x64x32 SW)>, assets\temporarycardsprite.png; Time: 0
INFO:cards:Card Created: Name: DEFAULT
ID: 7
Tags: ['card']; Image: <Surface(64x64x32 SW)>, assets\temporarycardsprite.png; Time: 0
INFO:cards:Card Created: Name: DEFAULT
ID: 8
Tags: ['card']; Image: <Surface(64x64x32 SW)>, assets\temporarycardsprite.png; Time: 0
INFO:cards:Card Created: Name: DEFAULT
ID: 9
Tags: ['card']; Image: <Surface(64x64x32 SW)>, assets\temporarycardsprite.png; Time: 0
INFO:cards:Card Created: Name: DEFAULT
ID: 10
Tags: ['card']; Image: <Surface(64x64x32 SW)>, assets\temporarycardsprite.png; Time: 0
INFO:cards:Card Created: Name: DEFAULT
ID: 11
Tags: ['card']; Image: <Surface(64x64x32 SW)>, assets\temporarycardsprite.png; Time: 0
INFO:cards:Card Created: Name: DEFAULT
ID: 12
Tags: ['card']; Image: <Surface(64x64x32 SW)>, assets\temporarycardsprite.png; Time: 0
INFO:cards:Card Created: Name: DEFAULT
ID: 13
Tags: ['card']; Image: <Surface(64x64x32 SW)>, assets\temporarycardsprite.png; Time: 0
INFO:cards:Card Created: Name: DEFAULT
ID: 14
Tags: ['card']; Image: <Surface(64x64x32 SW)>, assets\temporarycardsprite.png; Time: 0
INFO:cards:Card Created: Name: DEFAULT
ID: 15
Tags: ['card']; Image: <Surface(64x64x32 SW)>, assets\temporarycardsprite.png; Time: 0
INFO:cards:Card Created: Name: DEFAULT
ID: 16
Tags: ['card']; Image: <Surface(64x64x32 SW)>, assets\temporarycardsprite.png; Time: 0
INFO:cards:Card Created: Name: DEFAULT
ID: 17
Tags: ['card']; Image: <Surface(64x64x32 SW)>, assets\temporarycardsprite.png; Time: 0
INFO:cards:Card Created: Name: DEFAULT
ID: 18
Tags: ['card']; Image: <Surface(64x64x32 SW)>, assets\temporarycardsprite.png; Time: 0
INFO:cards:Card Created: Name: DEFAULT
ID: 19
Tags: ['card']; Image: <Surface(64x64x32 SW)>, assets\temporarycardsprite.png; Time: 0
INFO:cards:Card Created: Name: DEFAULT
ID: 20
Tags: ['card']; Image: <Surface(64x64x32 SW)>, assets\temporarycardsprite.png; Time: 0
INFO:cards:Card Created: Name: DEFAULT
ID: 21
Tags: ['card']; Image: <Surface(64x64x32 SW)>, assets\temporarycardsprite.png; Time: 0
INFO:cards:Card Created: Name: DEFAULT
ID: 22
Tags: ['card']; Image: <Surface(64x64x32 SW)>, assets\temporarycardsprite.png; Time: 0
INFO:cards:Card Created: Name: DEFAULT
ID: 23
Tags: ['card']; Image: <Surface(64x64x32 SW)>, assets\temporarycardsprite.png; Time: 0
INFO:cards:Card Created: Name: DEFAULT
ID: 24
Tags: ['card']; Image: <Surface(64x64x32 SW)>, assets\temporarycardsprite.png; Time: 0
INFO:cards:Card Created: Name: DEFAULT
ID: 25
Tags: ['card']; Image: <Surface(64x64x32 SW)>, assets\temporarycardsprite.png; Time: 0
INFO:cards:Card Created: Name: DEFAULT
ID: 26
Tags: ['card']; Image: <Surface(64x64x32 SW)>, assets\temporarycardsprite.png; Time: 0
INFO:cards:Card Created: Name: DEFAULT
ID: 27
Tags: ['card']; Image: <Surface(64x64x32 SW)>, assets\temporarycardsprite.png; Time: 0
INFO:cards:Card Created: Name: DEFAULT
ID: 28
Tags: ['card']; Image: <Surface(64x64x32 SW)>, assets\temporarycardsprite.png; Time: 0
INFO:cards:Card Created: Name: DEFAULT
ID: 29
Tags: ['card']; Image: <Surface(64x64x32 SW)>, assets\temporarycardsprite.png; Time: 0
INFO:cards:Card Created: Name: DEFAULT
ID: 30
Tags: ['card']; Image: <Surface(64x64x32 SW)>, assets\temporarycardsprite.png; Time: 0
INFO:cards:Card Created: Name: DEFAULT
ID: 31
Tags: ['card']; Image: <Surface(64x64x32 SW)>, assets\temporarycardsprite.png; Time: 0
INFO:cards:Card Created: Name: DEFAULT
ID: 32
Tags: ['card']; Image: <Surface(64x64x32 SW)>, assets\temporarycardsprite.png; Time: 0
INFO:cards:Card Created: Name: DEFAULT
ID: 33
Tags: ['card']; Image: <Surface(64x64x32 SW)>, assets\temporarycardsprite.png; Time: 0
INFO:cards:Card Created: Name: DEFAULT
ID: 34
Tags: ['card']; Image: <Surface(64x64x32 SW)>, assets\temporarycardsprite.png; Time: 0
INFO:cards:Card Created: Name: DEFAULT
ID: 35
Tags: ['card']; Image: <Surface(64x64x32 SW)>, assets\temporarycardsprite.png; Time: 0
INFO:cards:Card Created: Name: DEFAULT
ID: 36
Tags: ['card']; Image: <Surface(64x64x32 SW)>, assets\temporarycardsprite.png; Time: 0
INFO:cards:Card Created: Name: DEFAULT
ID: 37
Tags: ['card']; Image: <Surface(64x64x32 SW)>, assets\temporarycardsprite.png; Time: 0
INFO:cards:Card Created: Name: DEFAULT
ID: 38
Tags: ['card']; Image: <Surface(64x64x32 SW)>, assets\temporarycardsprite.png; Time: 0
INFO:cards:Card Created: Name: DEFAULT
ID: 39
Tags: ['card']; Image: <Surface(64x64x32 SW)>, assets\temporarycardsprite.png; Time: 0
INFO:cards:Card Created: Name: DEFAULT
ID: 40
Tags: ['card']; Image: <Surface(64x64x32 SW)>, assets\temporarycardsprite.png; Time: 0
INFO:cards:Card Created: Name: DEFAULT
ID: 41
Tags: ['card']; Image: <Surface(64x64x32 SW)>, assets\temporarycardsprite.png; Time: 0
INFO:cards:Card Created: Name: DEFAULT
ID: 42
Tags: ['card']; Image: <Surface(64x64x32 SW)>, assets\temporarycardsprite.png; Time: 0
INFO:cards:Card Created: Name: DEFAULT
ID: 43
Tags: ['card']; Image: <Surface(64x64x32 SW)>, assets\temporarycardsprite.png; Time: 0
INFO:cards:Card Created: Name: DEFAULT
ID: 44
Tags: ['card']; Image: <Surface(64x64x32 SW)>, assets\temporarycardsprite.png; Time: 0
INFO:cards:Card Created: Name: DEFAULT
ID: 45
Tags: ['card']; Image: <Surface(64x64x32 SW)>, assets\temporarycardsprite.png; Time: 0
INFO:cards:Card Created: Name: DEFAULT
ID: 46
Tags: ['card']; Image: <Surface(64x64x32 SW)>, assets\temporarycardsprite.png; Time: 0
INFO:cards:Card Created: Name: DEFAULT
ID: 47
Tags: ['card']; Image: <Surface(64x64x32 SW)>, assets\temporarycardsprite.png; Time: 0
INFO:cards:Card Created: Name: DEFAULT
ID: 48
Tags: ['card']; Image: <Surface(64x64x32 SW)>, assets\temporarycardsprite.png; Time: 0
INFO:cards:Card Created: Name: DEFAULT
ID: 49
Tags: ['card']; Image: <Surface(64x64x32 SW)>, assets\temporarycardsprite.png; Time: 0
INFO:cards:Card Created: Name: DEFAULT
ID: 50
Tags: ['card']; Image: <Surface(64x64x32 SW)>, assets\temporarycardsprite.png; Time: 0
INFO:cards:Card Created: Name: DEFAULT
ID: 51
Tags: ['card']; Image: <Surface(64x64x32 SW)>, assets\temporarycardsprite.png; Time: 0
INFO:cards:Card Created: Name: Default
ID: 0
Tags: ['card']; Image: <Surface(64x64x32 SW)>, assets\temporarycardsprite.png; Time: 0
INFO:cards:Card Created: Name: Default
ID: 1
Tags: ['card']; Image: <Surface(64x64x32 SW)>, assets\temporarycardsprite.png; Time: 0
INFO:cards:Card Created: Name: Default
ID: 2
Tags: ['card']; Image: <Surface(64x64x32 SW)>, assets\temporarycardsprite.png; Time: 0
INFO:cards:Card Created: Name: Default
ID: 3
Tags: ['card']; Image: <Surface(64x64x32 SW)>, assets\temporarycardsprite.png; Time: 0
INFO:cards:Card Created: Name: Default
ID: 4
Tags: ['card']; Image: <Surface(64x64x32 SW)>, assets\temporarycardsprite.png; Time: 0
INFO:cards:Card Created: Name: Default
ID: 5
Tags: ['card']; Image: <Surface(64x64x32 SW)>, assets\temporarycardsprite.png; Time: 0
INFO:cards:Card Created: Name: Default
ID: 6
Tags: ['card']; Image: <Surface(64x64x32 SW)>, assets\temporarycardsprite.png; Time: 0
INFO:cards:Card Created: Name: Default
ID: 7
Tags: ['card']; Image: <Surface(64x64x32 SW)>, assets\temporarycardsprite.png; Time: 0
INFO:cards:Card Created: Name: Default
ID: 8
Tags: ['card']; Image: <Surface(64x64x32 SW)>, assets\temporarycardsprite.png; Time: 0
INFO:cards:Card Created: Name: Default
ID: 9
Tags: ['card']; Image: <Surface(64x64x32 SW)>, assets\temporarycardsprite.png; Time: 0
INFO:cards:Card Created: Name: Default
ID: 10
Tags: ['card']; Image: <Surface(64x64x32 SW)>, assets\temporarycardsprite.png; Time: 0
INFO:cards:Card Created: Name: Default
ID: 11
Tags: ['card']; Image: <Surface(64x64x32 SW)>, assets\temporarycardsprite.png; Time: 0
INFO:cards:Card Created: Name: Default
ID: 12
Tags: ['card']; Image: <Surface(64x64x32 SW)>, assets\temporarycardsprite.png; Time: 0
INFO:cards:Card Created: Name: Default
ID: 13
Tags: ['card']; Image: <Surface(64x64x32 SW)>, assets\temporarycardsprite.png; Time: 0
INFO:cards:Card Created: Name: Default
ID: 14
Tags: ['card']; Image: <Surface(64x64x32 SW)>, assets\temporarycardsprite.png; Time: 0
INFO:cards:Card Created: Name: Default
ID: 15
Tags: ['card']; Image: <Surface(64x64x32 SW)>, assets\temporarycardsprite.png; Time: 0
INFO:cards:Card Created: Name: Default
ID: 16
Tags: ['card']; Image: <Surface(64x64x32 SW)>, assets\temporarycardsprite.png; Time: 0
INFO:cards:Card Created: Name: Default
ID: 17
Tags: ['card']; Image: <Surface(64x64x32 SW)>, assets\temporarycardsprite.png; Time: 0
INFO:cards:Card Created: Name: Default
ID: 18
Tags: ['card']; Image: <Surface(64x64x32 SW)>, assets\temporarycardsprite.png; Time: 0
INFO:cards:Card Created: Name: Default
ID: 19
Tags: ['card']; Image: <Surface(64x64x32 SW)>, assets\temporarycardsprite.png; Time: 0
INFO:cards:Card Created: Name: Default
ID: 20
Tags: ['card']; Image: <Surface(64x64x32 SW)>, assets\temporarycardsprite.png; Time: 0
INFO:cards:Card Created: Name: Default
ID: 21
Tags: ['card']; Image: <Surface(64x64x32 SW)>, assets\temporarycardsprite.png; Time: 0
INFO:cards:Card Created: Name: Default
ID: 22
Tags: ['card']; Image: <Surface(64x64x32 SW)>, assets\temporarycardsprite.png; Time: 0
INFO:cards:Card Created: Name: Default
ID: 23
Tags: ['card']; Image: <Surface(64x64x32 SW)>, assets\temporarycardsprite.png; Time: 0
INFO:cards:Card Created: Name: Default
ID: 24
Tags: ['card']; Image: <Surface(64x64x32 SW)>, assets\temporarycardsprite.png; Time: 0
INFO:cards:Card Created: Name: Default
ID: 25
Tags: ['card']; Image: <Surface(64x64x32 SW)>, assets\temporarycardsprite.png; Time: 0
INFO:cards:Card Created: Name: Default
ID: 26
Tags: ['card']; Image: <Surface(64x64x32 SW)>, assets\temporarycardsprite.png; Time: 0
INFO:cards:Card Created: Name: Default
ID: 27
Tags: ['card']; Image: <Surface(64x64x32 SW)>, assets\temporarycardsprite.png; Time: 0
INFO:cards:Card Created: Name: Default
ID: 28
Tags: ['card']; Image: <Surface(64x64x32 SW)>, assets\temporarycardsprite.png; Time: 0
INFO:cards:Card Created: Name: Default
ID: 29
Tags: ['card']; Image: <Surface(64x64x32 SW)>, assets\temporarycardsprite.png; Time: 0
INFO:cards:Card Created: Name: Default
ID: 30
Tags: ['card']; Image: <Surface(64x64x32 SW)>, assets\temporarycardsprite.png; Time: 0
INFO:cards:Card Created: Name: Default
ID: 31
Tags: ['card']; Image: <Surface(64x64x32 SW)>, assets\temporarycardsprite.png; Time: 0
INFO:cards:Card Created: Name: Default
ID: 32
Tags: ['card']; Image: <Surface(64x64x32 SW)>, assets\temporarycardsprite.png; Time: 0
INFO:cards:Card Created: Name: Default
ID: 33
Tags: ['card']; Image: <Surface(64x64x32 SW)>, assets\temporarycardsprite.png; Time: 0
INFO:cards:Card Created: Name: Default
ID: 34
Tags: ['card']; Image: <Surface(64x64x32 SW)>, assets\temporarycardsprite.png; Time: 0
INFO:cards:Card Created: Name: Default
ID: 35
Tags: ['card']; Image: <Surface(64x64x32 SW)>, assets\temporarycardsprite.png; Time: 0
INFO:cards:Card Created: Name: Default
ID: 36
Tags: ['card']; Image: <Surface(64x64x32 SW)>, assets\temporarycardsprite.png; Time: 0
INFO:cards:Card Created: Name: Default
ID: 37
Tags: ['card']; Image: <Surface(64x64x32 SW)>, assets\temporarycardsprite.png; Time: 0
INFO:cards:Card Created: Name: Default
ID: 38
Tags: ['card']; Image: <Surface(64x64x32 SW)>, assets\temporarycardsprite.png; Time: 0
INFO:cards:Card Created: Name: Default
ID: 39
Tags: ['card']; Image: <Surface(64x64x32 SW)>, assets\temporarycardsprite.png; Time: 0
INFO:cards:Card Created: Name: Default
ID: 40
Tags: ['card']; Image: <Surface(64x64x32 SW)>, assets\temporarycardsprite.png; Time: 0
INFO:cards:Card Created: Name: Default
ID: 41
Tags: ['card']; Image: <Surface(64x64x32 SW)>, assets\temporarycardsprite.png; Time: 0
INFO:cards:Card Created: Name: Default
ID: 42
Tags: ['card']; Image: <Surface(64x64x32 SW)>, assets\temporarycardsprite.png; Time: 0
INFO:cards:Card Created: Name: Default
ID: 43
Tags: ['card']; Image: <Surface(64x64x32 SW)>, assets\temporarycardsprite.png; Time: 0
INFO:cards:Card Created: Name: Default
ID: 44
Tags: ['card']; Image: <Surface(64x64x32 SW)>, assets\temporarycardsprite.png; Time: 0
INFO:cards:Card Created: Name: Default
ID: 45
Tags: ['card']; Image: <Surface(64x64x32 SW)>, assets\temporarycardsprite.png; Time: 0
INFO:cards:Card Created: Name: Default
ID: 46
Tags: ['card']; Image: <Surface(64x64x32 SW)>, assets\temporarycardsprite.png; Time: 0
INFO:cards:Card Created: Name: Default
ID: 47
Tags: ['card']; Image: <Surface(64x64x32 SW)>, assets\temporarycardsprite.png; Time: 0
INFO:cards:Card Created: Name: Default
ID: 48
Tags: ['card']; Image: <Surface(64x64x32 SW)>, assets\temporarycardsprite.png; Time: 0
INFO:cards:Card Created: Name: Default
ID: 49
Tags: ['card']; Image: <Surface(64x64x32 SW)>, assets\temporarycardsprite.png; Time: 0
INFO:cards:Card Created: Name: Default
ID: 50
Tags: ['card']; Image: <Surface(64x64x32 SW)>, assets\temporarycardsprite.png; Time: 0
INFO:cards:Card Created: Name: Default
ID: 51
Tags: ['card']; Image: <Surface(64x64x32 SW)>, assets\temporarycardsprite.png; Time: 0
INFO:__main__:Started...
INFO:cards:Card Created: Name: DEFAULT
ID: 0
Tags: ['card']; Image: <Surface(64x64x32 SW)>, assets\temporarycardsprite.png; Time: 0
INFO:cards:Card Created: Name: DEFAULT
ID: 1
Tags: ['card']; Image: <Surface(64x64x32 SW)>, assets\temporarycardsprite.png; Time: 0
INFO:cards:Card Created: Name: DEFAULT
ID: 2
Tags: ['card']; Image: <Surface(64x64x32 SW)>, assets\temporarycardsprite.png; Time: 0
INFO:cards:Card Created: Name: DEFAULT
ID: 3
Tags: ['card']; Image: <Surface(64x64x32 SW)>, assets\temporarycardsprite.png; Time: 0
INFO:cards:Card Created: Name: DEFAULT
ID: 4
Tags: ['card']; Image: <Surface(64x64x32 SW)>, assets\temporarycardsprite.png; Time: 0
INFO:cards:Card Created: Name: DEFAULT
ID: 5
Tags: ['card']; Image: <Surface(64x64x32 SW)>, assets\temporarycardsprite.png; Time: 0
INFO:cards:Card Created: Name: DEFAULT
ID: 6
Tags: ['card']; Image: <Surface(64x64x32 SW)>, assets\temporarycardsprite.png; Time: 0
INFO:cards:Card Created: Name: DEFAULT
ID: 7
Tags: ['card']; Image: <Surface(64x64x32 SW)>, assets\temporarycardsprite.png; Time: 0
INFO:cards:Card Created: Name: DEFAULT
ID: 8
Tags: ['card']; Image: <Surface(64x64x32 SW)>, assets\temporarycardsprite.png; Time: 0
INFO:cards:Card Created: Name: DEFAULT
ID: 9
Tags: ['card']; Image: <Surface(64x64x32 SW)>, assets\temporarycardsprite.png; Time: 0
INFO:cards:Card Created: Name: DEFAULT
ID: 10
Tags: ['card']; Image: <Surface(64x64x32 SW)>, assets\temporarycardsprite.png; Time: 0
INFO:cards:Card Created: Name: DEFAULT
ID: 11
Tags: ['card']; Image: <Surface(64x64x32 SW)>, assets\temporarycardsprite.png; Time: 0
INFO:cards:Card Created: Name: DEFAULT
ID: 12
Tags: ['card']; Image: <Surface(64x64x32 SW)>, assets\temporarycardsprite.png; Time: 0
INFO:cards:Card Created: Name: DEFAULT
ID: 13
Tags: ['card']; Image: <Surface(64x64x32 SW)>, assets\temporarycardsprite.png; Time: 0
INFO:cards:Card Created: Name: DEFAULT
ID: 14
Tags: ['card']; Image: <Surface(64x64x32 SW)>, assets\temporarycardsprite.png; Time: 0
INFO:cards:Card Created: Name: DEFAULT
ID: 15
Tags: ['card']; Image: <Surface(64x64x32 SW)>, assets\temporarycardsprite.png; Time: 0
INFO:cards:Card Created: Name: DEFAULT
ID: 16
Tags: ['card']; Image: <Surface(64x64x32 SW)>, assets\temporarycardsprite.png; Time: 0
INFO:cards:Card Created: Name: DEFAULT
ID: 17
Tags: ['card']; Image: <Surface(64x64x32 SW)>, assets\temporarycardsprite.png; Time: 0
INFO:cards:Card Created: Name: DEFAULT
ID: 18
Tags: ['card']; Image: <Surface(64x64x32 SW)>, assets\temporarycardsprite.png; Time: 0
INFO:cards:Card Created: Name: DEFAULT
ID: 19
Tags: ['card']; Image: <Surface(64x64x32 SW)>, assets\temporarycardsprite.png; Time: 0
INFO:cards:Card Created: Name: DEFAULT
ID: 20
Tags: ['card']; Image: <Surface(64x64x32 SW)>, assets\temporarycardsprite.png; Time: 0
INFO:cards:Card Created: Name: DEFAULT
ID: 21
Tags: ['card']; Image: <Surface(64x64x32 SW)>, assets\temporarycardsprite.png; Time: 0
INFO:cards:Card Created: Name: DEFAULT
ID: 22
Tags: ['card']; Image: <Surface(64x64x32 SW)>, assets\temporarycardsprite.png; Time: 0
INFO:cards:Card Created: Name: DEFAULT
ID: 23
Tags: ['card']; Image: <Surface(64x64x32 SW)>, assets\temporarycardsprite.png; Time: 0
INFO:cards:Card Created: Name: DEFAULT
ID: 24
Tags: ['card']; Image: <Surface(64x64x32 SW)>, assets\temporarycardsprite.png; Time: 0
INFO:cards:Card Created: Name: DEFAULT
ID: 25
Tags: ['card']; Image: <Surface(64x64x32 SW)>, assets\temporarycardsprite.png; Time: 0
INFO:cards:Card Created: Name: DEFAULT
ID: 26
Tags: ['card']; Image: <Surface(64x64x32 SW)>, assets\temporarycardsprite.png; Time: 0
INFO:cards:Card Created: Name: DEFAULT
ID: 27
Tags: ['card']; Image: <Surface(64x64x32 SW)>, assets\temporarycardsprite.png; Time: 0
INFO:cards:Card Created: Name: DEFAULT
ID: 28
Tags: ['card']; Image: <Surface(64x64x32 SW)>, assets\temporarycardsprite.png; Time: 0
INFO:cards:Card Created: Name: DEFAULT
ID: 29
Tags: ['card']; Image: <Surface(64x64x32 SW)>, assets\temporarycardsprite.png; Time: 0
INFO:cards:Card Created: Name: DEFAULT
ID: 30
Tags: ['card']; Image: <Surface(64x64x32 SW)>, assets\temporarycardsprite.png; Time: 0
INFO:cards:Card Created: Name: DEFAULT
ID: 31
Tags: ['card']; Image: <Surface(64x64x32 SW)>, assets\temporarycardsprite.png; Time: 0
INFO:cards:Card Created: Name: DEFAULT
ID: 32
Tags: ['card']; Image: <Surface(64x64x32 SW)>, assets\temporarycardsprite.png; Time: 0
INFO:cards:Card Created: Name: DEFAULT
ID: 33
Tags: ['card']; Image: <Surface(64x64x32 SW)>, assets\temporarycardsprite.png; Time: 0
INFO:cards:Card Created: Name: DEFAULT
ID: 34
Tags: ['card']; Image: <Surface(64x64x32 SW)>, assets\temporarycardsprite.png; Time: 0
INFO:cards:Card Created: Name: DEFAULT
ID: 35
Tags: ['card']; Image: <Surface(64x64x32 SW)>, assets\temporarycardsprite.png; Time: 0
INFO:cards:Card Created: Name: DEFAULT
ID: 36
Tags: ['card']; Image: <Surface(64x64x32 SW)>, assets\temporarycardsprite.png; Time: 0
INFO:cards:Card Created: Name: DEFAULT
ID: 37
Tags: ['card']; Image: <Surface(64x64x32 SW)>, assets\temporarycardsprite.png; Time: 0
INFO:cards:Card Created: Name: DEFAULT
ID: 38
Tags: ['card']; Image: <Surface(64x64x32 SW)>, assets\temporarycardsprite.png; Time: 0
INFO:cards:Card Created: Name: DEFAULT
ID: 39
Tags: ['card']; Image: <Surface(64x64x32 SW)>, assets\temporarycardsprite.png; Time: 0
INFO:cards:Card Created: Name: DEFAULT
ID: 40
Tags: ['card']; Image: <Surface(64x64x32 SW)>, assets\temporarycardsprite.png; Time: 0
INFO:cards:Card Created: Name: DEFAULT
ID: 41
Tags: ['card']; Image: <Surface(64x64x32 SW)>, assets\temporarycardsprite.png; Time: 0
INFO:cards:Card Created: Name: DEFAULT
ID: 42
Tags: ['card']; Image: <Surface(64x64x32 SW)>, assets\temporarycardsprite.png; Time: 0
INFO:cards:Card Created: Name: DEFAULT
ID: 43
Tags: ['card']; Image: <Surface(64x64x32 SW)>, assets\temporarycardsprite.png; Time: 0
INFO:cards:Card Created: Name: DEFAULT
ID: 44
Tags: ['card']; Image: <Surface(64x64x32 SW)>, assets\temporarycardsprite.png; Time: 0
INFO:cards:Card Created: Name: DEFAULT
ID: 45
Tags: ['card']; Image: <Surface(64x64x32 SW)>, assets\temporarycardsprite.png; Time: 0
INFO:cards:Card Created: Name: DEFAULT
ID: 46
Tags: ['card']; Image: <Surface(64x64x32 SW)>, assets\temporarycardsprite.png; Time: 0
INFO:cards:Card Created: Name: DEFAULT
ID: 47
Tags: ['card']; Image: <Surface(64x64x32 SW)>, assets\temporarycardsprite.png; Time: 0
INFO:cards:Card Created: Name: DEFAULT
ID: 48
Tags: ['card']; Image: <Surface(64x64x32 SW)>, assets\temporarycardsprite.png; Time: 0
INFO:cards:Card Created: Name: DEFAULT
ID: 49
Tags: ['card']; Image: <Surface(64x64x32 SW)>, assets\temporarycardsprite.png; Time: 0
INFO:cards:Card Created: Name: DEFAULT
ID: 50
Tags: ['card']; Image: <Surface(64x64x32 SW)>, assets\temporarycardsprite.png; Time: 0
INFO:cards:Card Created: Name: DEFAULT
ID: 51
Tags: ['card']; Image: <Surface(64x64x32 SW)>, assets\temporarycardsprite.png; Time: 0
INFO:cards:Card Created: Name: Default
ID: 0
Tags: ['card']; Image: <Surface(64x64x32 SW)>, assets\temporarycardsprite.png; Time: 0
INFO:cards:Card Created: Name: Default
ID: 1
Tags: ['card']; Image: <Surface(64x64x32 SW)>, assets\temporarycardsprite.png; Time: 0
INFO:cards:Card Created: Name: Default
ID: 2
Tags: ['card']; Image: <Surface(64x64x32 SW)>, assets\temporarycardsprite.png; Time: 0
INFO:cards:Card Created: Name: Default
ID: 3
Tags: ['card']; Image: <Surface(64x64x32 SW)>, assets\temporarycardsprite.png; Time: 0
INFO:cards:Card Created: Name: Default
ID: 4
Tags: ['card']; Image: <Surface(64x64x32 SW)>, assets\temporarycardsprite.png; Time: 0
INFO:cards:Card Created: Name: Default
ID: 5
Tags: ['card']; Image: <Surface(64x64x32 SW)>, assets\temporarycardsprite.png; Time: 0
INFO:cards:Card Created: Name: Default
ID: 6
Tags: ['card']; Image: <Surface(64x64x32 SW)>, assets\temporarycardsprite.png; Time: 0
INFO:cards:Card Created: Name: Default
ID: 7
Tags: ['card']; Image: <Surface(64x64x32 SW)>, assets\temporarycardsprite.png; Time: 0
INFO:cards:Card Created: Name: Default
ID: 8
Tags: ['card']; Image: <Surface(64x64x32 SW)>, assets\temporarycardsprite.png; Time: 0
INFO:cards:Card Created: Name: Default
ID: 9
Tags: ['card']; Image: <Surface(64x64x32 SW)>, assets\temporarycardsprite.png; Time: 0
INFO:cards:Card Created: Name: Default
ID: 10
Tags: ['card']; Image: <Surface(64x64x32 SW)>, assets\temporarycardsprite.png; Time: 0
INFO:cards:Card Created: Name: Default
ID: 11
Tags: ['card']; Image: <Surface(64x64x32 SW)>, assets\temporarycardsprite.png; Time: 0
INFO:cards:Card Created: Name: Default
ID: 12
Tags: ['card']; Image: <Surface(64x64x32 SW)>, assets\temporarycardsprite.png; Time: 0
INFO:cards:Card Created: Name: Default
ID: 13
Tags: ['card']; Image: <Surface(64x64x32 SW)>, assets\temporarycardsprite.png; Time: 0
INFO:cards:Card Created: Name: Default
ID: 14
Tags: ['card']; Image: <Surface(64x64x32 SW)>, assets\temporarycardsprite.png; Time: 0
INFO:cards:Card Created: Name: Default
ID: 15
Tags: ['card']; Image: <Surface(64x64x32 SW)>, assets\temporarycardsprite.png; Time: 0
INFO:cards:Card Created: Name: Default
ID: 16
Tags: ['card']; Image: <Surface(64x64x32 SW)>, assets\temporarycardsprite.png; Time: 0
INFO:cards:Card Created: Name: Default
ID: 17
Tags: ['card']; Image: <Surface(64x64x32 SW)>, assets\temporarycardsprite.png; Time: 0
INFO:cards:Card Created: Name: Default
ID: 18
Tags: ['card']; Image: <Surface(64x64x32 SW)>, assets\temporarycardsprite.png; Time: 0
INFO:cards:Card Created: Name: Default
ID: 19
Tags: ['card']; Image: <Surface(64x64x32 SW)>, assets\temporarycardsprite.png; Time: 0
INFO:cards:Card Created: Name: Default
ID: 20
Tags: ['card']; Image: <Surface(64x64x32 SW)>, assets\temporarycardsprite.png; Time: 0
INFO:cards:Card Created: Name: Default
ID: 21
Tags: ['card']; Image: <Surface(64x64x32 SW)>, assets\temporarycardsprite.png; Time: 0
INFO:cards:Card Created: Name: Default
ID: 22
Tags: ['card']; Image: <Surface(64x64x32 SW)>, assets\temporarycardsprite.png; Time: 0
INFO:cards:Card Created: Name: Default
ID: 23
Tags: ['card']; Image: <Surface(64x64x32 SW)>, assets\temporarycardsprite.png; Time: 0
INFO:cards:Card Created: Name: Default
ID: 24
Tags: ['card']; Image: <Surface(64x64x32 SW)>, assets\temporarycardsprite.png; Time: 0
INFO:cards:Card Created: Name: Default
ID: 25
Tags: ['card']; Image: <Surface(64x64x32 SW)>, assets\temporarycardsprite.png; Time: 0
INFO:cards:Card Created: Name: Default
ID: 26
Tags: ['card']; Image: <Surface(64x64x32 SW)>, assets\temporarycardsprite.png; Time: 0
INFO:cards:Card Created: Name: Default
ID: 27
Tags: ['card']; Image: <Surface(64x64x32 SW)>, assets\temporarycardsprite.png; Time: 0
INFO:cards:Card Created: Name: Default
ID: 28
Tags: ['card']; Image: <Surface(64x64x32 SW)>, assets\temporarycardsprite.png; Time: 0
INFO:cards:Card Created: Name: Default
ID: 29
Tags: ['card']; Image: <Surface(64x64x32 SW)>, assets\temporarycardsprite.png; Time: 0
INFO:cards:Card Created: Name: Default
ID: 30
Tags: ['card']; Image: <Surface(64x64x32 SW)>, assets\temporarycardsprite.png; Time: 0
INFO:cards:Card Created: Name: Default
ID: 31
Tags: ['card']; Image: <Surface(64x64x32 SW)>, assets\temporarycardsprite.png; Time: 0
INFO:cards:Card Created: Name: Default
ID: 32
Tags: ['card']; Image: <Surface(64x64x32 SW)>, assets\temporarycardsprite.png; Time: 0
INFO:cards:Card Created: Name: Default
ID: 33
Tags: ['card']; Image: <Surface(64x64x32 SW)>, assets\temporarycardsprite.png; Time: 0
INFO:cards:Card Created: Name: Default
ID: 34
Tags: ['card']; Image: <Surface(64x64x32 SW)>, assets\temporarycardsprite.png; Time: 0
INFO:cards:Card Created: Name: Default
ID: 35
Tags: ['card']; Image: <Surface(64x64x32 SW)>, assets\temporarycardsprite.png; Time: 0
INFO:cards:Card Created: Name: Default
ID: 36
Tags: ['card']; Image: <Surface(64x64x32 SW)>, assets\temporarycardsprite.png; Time: 0
INFO:cards:Card Created: Name: Default
ID: 37
Tags: ['card']; Image: <Surface(64x64x32 SW)>, assets\temporarycardsprite.png; Time: 0
INFO:cards:Card Created: Name: Default
ID: 38
Tags: ['card']; Image: <Surface(64x64x32 SW)>, assets\temporarycardsprite.png; Time: 0
INFO:cards:Card Created: Name: Default
ID: 39
Tags: ['card']; Image: <Surface(64x64x32 SW)>, assets\temporarycardsprite.png; Time: 0
INFO:cards:Card Created: Name: Default
ID: 40
Tags: ['card']; Image: <Surface(64x64x32 SW)>, assets\temporarycardsprite.png; Time: 0
INFO:cards:Card Created: Name: Default
ID: 41
Tags: ['card']; Image: <Surface(64x64x32 SW)>, assets\temporarycardsprite.png; Time: 0
INFO:cards:Card Created: Name: Default
ID: 42
Tags: ['card']; Image: <Surface(64x64x32 SW)>, assets\temporarycardsprite.png; Time: 0
INFO:cards:Card Created: Name: Default
ID: 43
Tags: ['card']; Image: <Surface(64x64x32 SW)>, assets\temporarycardsprite.png; Time: 0
INFO:cards:Card Created: Name: Default
ID: 44
Tags: ['card']; Image: <Surface(64x64x32 SW)>, assets\temporarycardsprite.png; Time: 0
INFO:cards:Card Created: Name: Default
ID: 45
Tags: ['card']; Image: <Surface(64x64x32 SW)>, assets\temporarycardsprite.png; Time: 0
INFO:cards:Card Created: Name: Default
ID: 46
Tags: ['card']; Image: <Surface(64x64x32 SW)>, assets\temporarycardsprite.png; Time: 0
INFO:cards:Card Created: Name: Default
ID: 47
Tags: ['card']; Image: <Surface(64x64x32 SW)>, assets\temporarycardsprite.png; Time: 0
INFO:cards:Card Created: Name: Default
ID: 48
Tags: ['card']; Image: <Surface(64x64x32 SW)>, assets\temporarycardsprite.png; Time: 0
INFO:cards:Card Created: Name: Default
ID: 49
Tags: ['card']; Image: <Surface(64x64x32 SW)>, assets\temporarycardsprite.png; Time: 0
INFO:cards:Card Created: Name: Default
ID: 50
Tags: ['card']; Image: <Surface(64x64x32 SW)>, assets\temporarycardsprite.png; Time: 0
INFO:cards:Card Created: Name: Default
ID: 51
Tags: ['card']; Image: <Surface(64x64x32 SW)>, assets\temporarycardsprite.png; Time: 0
INFO:__main__:Started...
INFO:cards:Card Created: Name: Default
ID: 0
Tags: ['card']; Image: <Surface(64x64x32 SW)>, assets\temporarycardsprite.png; Time: 0
INFO:cards:Card Created: Name: Default
ID: 1
Tags: ['card']; Image: <Surface(64x64x32 SW)>, assets\temporarycardsprite.png; Time: 0
INFO:cards:Card Created: Name: Default
ID: 2
Tags: ['card']; Image: <Surface(64x64x32 SW)>, assets\temporarycardsprite.png; Time: 0
INFO:cards:Card Created: Name: Default
ID: 3
Tags: ['card']; Image: <Surface(64x64x32 SW)>, assets\temporarycardsprite.png; Time: 0
INFO:cards:Card Created: Name: Default
ID: 4
Tags: ['card']; Image: <Surface(64x64x32 SW)>, assets\temporarycardsprite.png; Time: 0
INFO:cards:Card Created: Name: Default
ID: 5
Tags: ['card']; Image: <Surface(64x64x32 SW)>, assets\temporarycardsprite.png; Time: 0
INFO:cards:Card Created: Name: Default
ID: 6
Tags: ['card']; Image: <Surface(64x64x32 SW)>, assets\temporarycardsprite.png; Time: 0
INFO:cards:Card Created: Name: Default
ID: 7
Tags: ['card']; Image: <Surface(64x64x32 SW)>, assets\temporarycardsprite.png; Time: 0
INFO:cards:Card Created: Name: Default
ID: 8
Tags: ['card']; Image: <Surface(64x64x32 SW)>, assets\temporarycardsprite.png; Time: 0
INFO:cards:Card Created: Name: Default
ID: 9
Tags: ['card']; Image: <Surface(64x64x32 SW)>, assets\temporarycardsprite.png; Time: 0
INFO:cards:Card Created: Name: Default
ID: 10
Tags: ['card']; Image: <Surface(64x64x32 SW)>, assets\temporarycardsprite.png; Time: 0
INFO:cards:Card Created: Name: Default
ID: 11
Tags: ['card']; Image: <Surface(64x64x32 SW)>, assets\temporarycardsprite.png; Time: 0
INFO:cards:Card Created: Name: Default
ID: 12
Tags: ['card']; Image: <Surface(64x64x32 SW)>, assets\temporarycardsprite.png; Time: 0
INFO:cards:Card Created: Name: Default
ID: 13
Tags: ['card']; Image: <Surface(64x64x32 SW)>, assets\temporarycardsprite.png; Time: 0
INFO:cards:Card Created: Name: Default
ID: 14
Tags: ['card']; Image: <Surface(64x64x32 SW)>, assets\temporarycardsprite.png; Time: 0
INFO:cards:Card Created: Name: Default
ID: 15
Tags: ['card']; Image: <Surface(64x64x32 SW)>, assets\temporarycardsprite.png; Time: 0
INFO:cards:Card Created: Name: Default
ID: 16
Tags: ['card']; Image: <Surface(64x64x32 SW)>, assets\temporarycardsprite.png; Time: 0
INFO:cards:Card Created: Name: Default
ID: 17
Tags: ['card']; Image: <Surface(64x64x32 SW)>, assets\temporarycardsprite.png; Time: 0
INFO:cards:Card Created: Name: Default
ID: 18
Tags: ['card']; Image: <Surface(64x64x32 SW)>, assets\temporarycardsprite.png; Time: 0
INFO:cards:Card Created: Name: Default
ID: 19
Tags: ['card']; Image: <Surface(64x64x32 SW)>, assets\temporarycardsprite.png; Time: 0
INFO:cards:Card Created: Name: Default
ID: 20
Tags: ['card']; Image: <Surface(64x64x32 SW)>, assets\temporarycardsprite.png; Time: 0
INFO:cards:Card Created: Name: Default
ID: 21
Tags: ['card']; Image: <Surface(64x64x32 SW)>, assets\temporarycardsprite.png; Time: 0
INFO:cards:Card Created: Name: Default
ID: 22
Tags: ['card']; Image: <Surface(64x64x32 SW)>, assets\temporarycardsprite.png; Time: 0
INFO:cards:Card Created: Name: Default
ID: 23
Tags: ['card']; Image: <Surface(64x64x32 SW)>, assets\temporarycardsprite.png; Time: 0
INFO:cards:Card Created: Name: Default
ID: 24
Tags: ['card']; Image: <Surface(64x64x32 SW)>, assets\temporarycardsprite.png; Time: 0
INFO:cards:Card Created: Name: Default
ID: 25
Tags: ['card']; Image: <Surface(64x64x32 SW)>, assets\temporarycardsprite.png; Time: 0
INFO:cards:Card Created: Name: Default
ID: 26
Tags: ['card']; Image: <Surface(64x64x32 SW)>, assets\temporarycardsprite.png; Time: 0
INFO:cards:Card Created: Name: Default
ID: 27
Tags: ['card']; Image: <Surface(64x64x32 SW)>, assets\temporarycardsprite.png; Time: 0
INFO:cards:Card Created: Name: Default
ID: 28
Tags: ['card']; Image: <Surface(64x64x32 SW)>, assets\temporarycardsprite.png; Time: 0
INFO:cards:Card Created: Name: Default
ID: 29
Tags: ['card']; Image: <Surface(64x64x32 SW)>, assets\temporarycardsprite.png; Time: 0
INFO:cards:Card Created: Name: Default
ID: 30
Tags: ['card']; Image: <Surface(64x64x32 SW)>, assets\temporarycardsprite.png; Time: 0
INFO:cards:Card Created: Name: Default
ID: 31
Tags: ['card']; Image: <Surface(64x64x32 SW)>, assets\temporarycardsprite.png; Time: 0
INFO:cards:Card Created: Name: Default
ID: 32
Tags: ['card']; Image: <Surface(64x64x32 SW)>, assets\temporarycardsprite.png; Time: 0
INFO:cards:Card Created: Name: Default
ID: 33
Tags: ['card']; Image: <Surface(64x64x32 SW)>, assets\temporarycardsprite.png; Time: 0
INFO:cards:Card Created: Name: Default
ID: 34
Tags: ['card']; Image: <Surface(64x64x32 SW)>, assets\temporarycardsprite.png; Time: 0
INFO:cards:Card Created: Name: Default
ID: 35
Tags: ['card']; Image: <Surface(64x64x32 SW)>, assets\temporarycardsprite.png; Time: 0
INFO:cards:Card Created: Name: Default
ID: 36
Tags: ['card']; Image: <Surface(64x64x32 SW)>, assets\temporarycardsprite.png; Time: 0
INFO:cards:Card Created: Name: Default
ID: 37
Tags: ['card']; Image: <Surface(64x64x32 SW)>, assets\temporarycardsprite.png; Time: 0
INFO:cards:Card Created: Name: Default
ID: 38
Tags: ['card']; Image: <Surface(64x64x32 SW)>, assets\temporarycardsprite.png; Time: 0
INFO:cards:Card Created: Name: Default
ID: 39
Tags: ['card']; Image: <Surface(64x64x32 SW)>, assets\temporarycardsprite.png; Time: 0
INFO:cards:Card Created: Name: Default
ID: 40
Tags: ['card']; Image: <Surface(64x64x32 SW)>, assets\temporarycardsprite.png; Time: 0
INFO:cards:Card Created: Name: Default
ID: 41
Tags: ['card']; Image: <Surface(64x64x32 SW)>, assets\temporarycardsprite.png; Time: 0
INFO:cards:Card Created: Name: Default
ID: 42
Tags: ['card']; Image: <Surface(64x64x32 SW)>, assets\temporarycardsprite.png; Time: 0
INFO:cards:Card Created: Name: Default
ID: 43
Tags: ['card']; Image: <Surface(64x64x32 SW)>, assets\temporarycardsprite.png; Time: 0
INFO:cards:Card Created: Name: Default
ID: 44
Tags: ['card']; Image: <Surface(64x64x32 SW)>, assets\temporarycardsprite.png; Time: 0
INFO:cards:Card Created: Name: Default
ID: 45
Tags: ['card']; Image: <Surface(64x64x32 SW)>, assets\temporarycardsprite.png; Time: 0
INFO:cards:Card Created: Name: Default
ID: 46
Tags: ['card']; Image: <Surface(64x64x32 SW)>, assets\temporarycardsprite.png; Time: 0
INFO:cards:Card Created: Name: Default
ID: 47
Tags: ['card']; Image: <Surface(64x64x32 SW)>, assets\temporarycardsprite.png; Time: 0
INFO:cards:Card Created: Name: Default
ID: 48
Tags: ['card']; Image: <Surface(64x64x32 SW)>, assets\temporarycardsprite.png; Time: 0
INFO:cards:Card Created: Name: Default
ID: 49
Tags: ['card']; Image: <Surface(64x64x32 SW)>, assets\temporarycardsprite.png; Time: 0
INFO:cards:Card Created: Name: Default
ID: 50
Tags: ['card']; Image: <Surface(64x64x32 SW)>, assets\temporarycardsprite.png; Time: 0
INFO:cards:Card Created: Name: Default
ID: 51
Tags: ['card']; Image: <Surface(64x64x32 SW)>, assets\temporarycardsprite.png; Time: 0
INFO:__main__:Started...
INFO:cards:Card Created: Name: Default
ID: 0
Tags: ['card']; Image: <Surface(64x64x32 SW)>, assets\temporarycardsprite.png; Time: 0
INFO:cards:Card Created: Name: Default
ID: 1
Tags: ['card']; Image: <Surface(64x64x32 SW)>, assets\temporarycardsprite.png; Time: 0
INFO:cards:Card Created: Name: Default
ID: 2
Tags: ['card']; Image: <Surface(64x64x32 SW)>, assets\temporarycardsprite.png; Time: 0
INFO:cards:Card Created: Name: Default
ID: 3
Tags: ['card']; Image: <Surface(64x64x32 SW)>, assets\temporarycardsprite.png; Time: 0
INFO:cards:Card Created: Name: Default
ID: 4
Tags: ['card']; Image: <Surface(64x64x32 SW)>, assets\temporarycardsprite.png; Time: 0
INFO:cards:Card Created: Name: Default
ID: 5
Tags: ['card']; Image: <Surface(64x64x32 SW)>, assets\temporarycardsprite.png; Time: 0
INFO:cards:Card Created: Name: Default
ID: 6
Tags: ['card']; Image: <Surface(64x64x32 SW)>, assets\temporarycardsprite.png; Time: 0
INFO:cards:Card Created: Name: Default
ID: 7
Tags: ['card']; Image: <Surface(64x64x32 SW)>, assets\temporarycardsprite.png; Time: 0
INFO:cards:Card Created: Name: Default
ID: 8
Tags: ['card']; Image: <Surface(64x64x32 SW)>, assets\temporarycardsprite.png; Time: 0
INFO:cards:Card Created: Name: Default
ID: 9
Tags: ['card']; Image: <Surface(64x64x32 SW)>, assets\temporarycardsprite.png; Time: 0
INFO:cards:Card Created: Name: Default
ID: 10
Tags: ['card']; Image: <Surface(64x64x32 SW)>, assets\temporarycardsprite.png; Time: 0
INFO:cards:Card Created: Name: Default
ID: 11
Tags: ['card']; Image: <Surface(64x64x32 SW)>, assets\temporarycardsprite.png; Time: 0
INFO:cards:Card Created: Name: Default
ID: 12
Tags: ['card']; Image: <Surface(64x64x32 SW)>, assets\temporarycardsprite.png; Time: 0
INFO:cards:Card Created: Name: Default
ID: 13
Tags: ['card']; Image: <Surface(64x64x32 SW)>, assets\temporarycardsprite.png; Time: 0
INFO:cards:Card Created: Name: Default
ID: 14
Tags: ['card']; Image: <Surface(64x64x32 SW)>, assets\temporarycardsprite.png; Time: 0
INFO:cards:Card Created: Name: Default
ID: 15
Tags: ['card']; Image: <Surface(64x64x32 SW)>, assets\temporarycardsprite.png; Time: 0
INFO:cards:Card Created: Name: Default
ID: 16
Tags: ['card']; Image: <Surface(64x64x32 SW)>, assets\temporarycardsprite.png; Time: 0
INFO:cards:Card Created: Name: Default
ID: 17
Tags: ['card']; Image: <Surface(64x64x32 SW)>, assets\temporarycardsprite.png; Time: 0
INFO:cards:Card Created: Name: Default
ID: 18
Tags: ['card']; Image: <Surface(64x64x32 SW)>, assets\temporarycardsprite.png; Time: 0
INFO:cards:Card Created: Name: Default
ID: 19
Tags: ['card']; Image: <Surface(64x64x32 SW)>, assets\temporarycardsprite.png; Time: 0
INFO:cards:Card Created: Name: Default
ID: 20
Tags: ['card']; Image: <Surface(64x64x32 SW)>, assets\temporarycardsprite.png; Time: 0
INFO:cards:Card Created: Name: Default
ID: 21
Tags: ['card']; Image: <Surface(64x64x32 SW)>, assets\temporarycardsprite.png; Time: 0
INFO:cards:Card Created: Name: Default
ID: 22
Tags: ['card']; Image: <Surface(64x64x32 SW)>, assets\temporarycardsprite.png; Time: 0
INFO:cards:Card Created: Name: Default
ID: 23
Tags: ['card']; Image: <Surface(64x64x32 SW)>, assets\temporarycardsprite.png; Time: 0
INFO:cards:Card Created: Name: Default
ID: 24
Tags: ['card']; Image: <Surface(64x64x32 SW)>, assets\temporarycardsprite.png; Time: 0
INFO:cards:Card Created: Name: Default
ID: 25
Tags: ['card']; Image: <Surface(64x64x32 SW)>, assets\temporarycardsprite.png; Time: 0
INFO:cards:Card Created: Name: Default
ID: 26
Tags: ['card']; Image: <Surface(64x64x32 SW)>, assets\temporarycardsprite.png; Time: 0
INFO:cards:Card Created: Name: Default
ID: 27
Tags: ['card']; Image: <Surface(64x64x32 SW)>, assets\temporarycardsprite.png; Time: 0
INFO:cards:Card Created: Name: Default
ID: 28
Tags: ['card']; Image: <Surface(64x64x32 SW)>, assets\temporarycardsprite.png; Time: 0
INFO:cards:Card Created: Name: Default
ID: 29
Tags: ['card']; Image: <Surface(64x64x32 SW)>, assets\temporarycardsprite.png; Time: 0
INFO:cards:Card Created: Name: Default
ID: 30
Tags: ['card']; Image: <Surface(64x64x32 SW)>, assets\temporarycardsprite.png; Time: 0
INFO:cards:Card Created: Name: Default
ID: 31
Tags: ['card']; Image: <Surface(64x64x32 SW)>, assets\temporarycardsprite.png; Time: 0
INFO:cards:Card Created: Name: Default
ID: 32
Tags: ['card']; Image: <Surface(64x64x32 SW)>, assets\temporarycardsprite.png; Time: 0
INFO:cards:Card Created: Name: Default
ID: 33
Tags: ['card']; Image: <Surface(64x64x32 SW)>, assets\temporarycardsprite.png; Time: 0
INFO:cards:Card Created: Name: Default
ID: 34
Tags: ['card']; Image: <Surface(64x64x32 SW)>, assets\temporarycardsprite.png; Time: 0
INFO:cards:Card Created: Name: Default
ID: 35
Tags: ['card']; Image: <Surface(64x64x32 SW)>, assets\temporarycardsprite.png; Time: 0
INFO:cards:Card Created: Name: Default
ID: 36
Tags: ['card']; Image: <Surface(64x64x32 SW)>, assets\temporarycardsprite.png; Time: 0
INFO:cards:Card Created: Name: Default
ID: 37
Tags: ['card']; Image: <Surface(64x64x32 SW)>, assets\temporarycardsprite.png; Time: 0
INFO:cards:Card Created: Name: Default
ID: 38
Tags: ['card']; Image: <Surface(64x64x32 SW)>, assets\temporarycardsprite.png; Time: 0
INFO:cards:Card Created: Name: Default
ID: 39
Tags: ['card']; Image: <Surface(64x64x32 SW)>, assets\temporarycardsprite.png; Time: 0
INFO:cards:Card Created: Name: Default
ID: 40
Tags: ['card']; Image: <Surface(64x64x32 SW)>, assets\temporarycardsprite.png; Time: 0
INFO:cards:Card Created: Name: Default
ID: 41
Tags: ['card']; Image: <Surface(64x64x32 SW)>, assets\temporarycardsprite.png; Time: 0
INFO:cards:Card Created: Name: Default
ID: 42
Tags: ['card']; Image: <Surface(64x64x32 SW)>, assets\temporarycardsprite.png; Time: 0
INFO:cards:Card Created: Name: Default
ID: 43
Tags: ['card']; Image: <Surface(64x64x32 SW)>, assets\temporarycardsprite.png; Time: 0
INFO:cards:Card Created: Name: Default
ID: 44
Tags: ['card']; Image: <Surface(64x64x32 SW)>, assets\temporarycardsprite.png; Time: 0
INFO:cards:Card Created: Name: Default
ID: 45
Tags: ['card']; Image: <Surface(64x64x32 SW)>, assets\temporarycardsprite.png; Time: 0
INFO:cards:Card Created: Name: Default
ID: 46
Tags: ['card']; Image: <Surface(64x64x32 SW)>, assets\temporarycardsprite.png; Time: 0
INFO:cards:Card Created: Name: Default
ID: 47
Tags: ['card']; Image: <Surface(64x64x32 SW)>, assets\temporarycardsprite.png; Time: 0
INFO:cards:Card Created: Name: Default
ID: 48
Tags: ['card']; Image: <Surface(64x64x32 SW)>, assets\temporarycardsprite.png; Time: 0
INFO:cards:Card Created: Name: Default
ID: 49
Tags: ['card']; Image: <Surface(64x64x32 SW)>, assets\temporarycardsprite.png; Time: 0
INFO:cards:Card Created: Name: Default
ID: 50
Tags: ['card']; Image: <Surface(64x64x32 SW)>, assets\temporarycardsprite.png; Time: 0
INFO:cards:Card Created: Name: Default
ID: 51
Tags: ['card']; Image: <Surface(64x64x32 SW)>, assets\temporarycardsprite.png; Time: 0
INFO:__main__:Started...
INFO:cards:Card Created: Name: Default
ID: 0
Tags: ['card']; Image: <Surface(64x64x32 SW)>, assets\temporarycardsprite.png; Time: 0
INFO:cards:Card Created: Name: Default
ID: 1
Tags: ['card']; Image: <Surface(64x64x32 SW)>, assets\temporarycardsprite.png; Time: 0
INFO:cards:Card Created: Name: Default
ID: 2
Tags: ['card']; Image: <Surface(64x64x32 SW)>, assets\temporarycardsprite.png; Time: 0
INFO:cards:Card Created: Name: Default
ID: 3
Tags: ['card']; Image: <Surface(64x64x32 SW)>, assets\temporarycardsprite.png; Time: 0
INFO:cards:Card Created: Name: Default
ID: 4
Tags: ['card']; Image: <Surface(64x64x32 SW)>, assets\temporarycardsprite.png; Time: 0
INFO:cards:Card Created: Name: Default
ID: 5
Tags: ['card']; Image: <Surface(64x64x32 SW)>, assets\temporarycardsprite.png; Time: 0
INFO:cards:Card Created: Name: Default
ID: 6
Tags: ['card']; Image: <Surface(64x64x32 SW)>, assets\temporarycardsprite.png; Time: 0
INFO:cards:Card Created: Name: Default
ID: 7
Tags: ['card']; Image: <Surface(64x64x32 SW)>, assets\temporarycardsprite.png; Time: 0
INFO:cards:Card Created: Name: Default
ID: 8
Tags: ['card']; Image: <Surface(64x64x32 SW)>, assets\temporarycardsprite.png; Time: 0
INFO:cards:Card Created: Name: Default
ID: 9
Tags: ['card']; Image: <Surface(64x64x32 SW)>, assets\temporarycardsprite.png; Time: 0
INFO:cards:Card Created: Name: Default
ID: 10
Tags: ['card']; Image: <Surface(64x64x32 SW)>, assets\temporarycardsprite.png; Time: 0
INFO:cards:Card Created: Name: Default
ID: 11
Tags: ['card']; Image: <Surface(64x64x32 SW)>, assets\temporarycardsprite.png; Time: 0
INFO:cards:Card Created: Name: Default
ID: 12
Tags: ['card']; Image: <Surface(64x64x32 SW)>, assets\temporarycardsprite.png; Time: 0
INFO:cards:Card Created: Name: Default
ID: 13
Tags: ['card']; Image: <Surface(64x64x32 SW)>, assets\temporarycardsprite.png; Time: 0
INFO:cards:Card Created: Name: Default
ID: 14
Tags: ['card']; Image: <Surface(64x64x32 SW)>, assets\temporarycardsprite.png; Time: 0
INFO:cards:Card Created: Name: Default
ID: 15
Tags: ['card']; Image: <Surface(64x64x32 SW)>, assets\temporarycardsprite.png; Time: 0
INFO:cards:Card Created: Name: Default
ID: 16
Tags: ['card']; Image: <Surface(64x64x32 SW)>, assets\temporarycardsprite.png; Time: 0
INFO:cards:Card Created: Name: Default
ID: 17
Tags: ['card']; Image: <Surface(64x64x32 SW)>, assets\temporarycardsprite.png; Time: 0
INFO:cards:Card Created: Name: Default
ID: 18
Tags: ['card']; Image: <Surface(64x64x32 SW)>, assets\temporarycardsprite.png; Time: 0
INFO:cards:Card Created: Name: Default
ID: 19
Tags: ['card']; Image: <Surface(64x64x32 SW)>, assets\temporarycardsprite.png; Time: 0
INFO:cards:Card Created: Name: Default
ID: 20
Tags: ['card']; Image: <Surface(64x64x32 SW)>, assets\temporarycardsprite.png; Time: 0
INFO:cards:Card Created: Name: Default
ID: 21
Tags: ['card']; Image: <Surface(64x64x32 SW)>, assets\temporarycardsprite.png; Time: 0
INFO:cards:Card Created: Name: Default
ID: 22
Tags: ['card']; Image: <Surface(64x64x32 SW)>, assets\temporarycardsprite.png; Time: 0
INFO:cards:Card Created: Name: Default
ID: 23
Tags: ['card']; Image: <Surface(64x64x32 SW)>, assets\temporarycardsprite.png; Time: 0
INFO:cards:Card Created: Name: Default
ID: 24
Tags: ['card']; Image: <Surface(64x64x32 SW)>, assets\temporarycardsprite.png; Time: 0
INFO:cards:Card Created: Name: Default
ID: 25
Tags: ['card']; Image: <Surface(64x64x32 SW)>, assets\temporarycardsprite.png; Time: 0
INFO:cards:Card Created: Name: Default
ID: 26
Tags: ['card']; Image: <Surface(64x64x32 SW)>, assets\temporarycardsprite.png; Time: 0
INFO:cards:Card Created: Name: Default
ID: 27
Tags: ['card']; Image: <Surface(64x64x32 SW)>, assets\temporarycardsprite.png; Time: 0
INFO:cards:Card Created: Name: Default
ID: 28
Tags: ['card']; Image: <Surface(64x64x32 SW)>, assets\temporarycardsprite.png; Time: 0
INFO:cards:Card Created: Name: Default
ID: 29
Tags: ['card']; Image: <Surface(64x64x32 SW)>, assets\temporarycardsprite.png; Time: 0
INFO:cards:Card Created: Name: Default
ID: 30
Tags: ['card']; Image: <Surface(64x64x32 SW)>, assets\temporarycardsprite.png; Time: 0
INFO:cards:Card Created: Name: Default
ID: 31
Tags: ['card']; Image: <Surface(64x64x32 SW)>, assets\temporarycardsprite.png; Time: 0
INFO:cards:Card Created: Name: Default
ID: 32
Tags: ['card']; Image: <Surface(64x64x32 SW)>, assets\temporarycardsprite.png; Time: 0
INFO:cards:Card Created: Name: Default
ID: 33
Tags: ['card']; Image: <Surface(64x64x32 SW)>, assets\temporarycardsprite.png; Time: 0
INFO:cards:Card Created: Name: Default
ID: 34
Tags: ['card']; Image: <Surface(64x64x32 SW)>, assets\temporarycardsprite.png; Time: 0
INFO:cards:Card Created: Name: Default
ID: 35
Tags: ['card']; Image: <Surface(64x64x32 SW)>, assets\temporarycardsprite.png; Time: 0
INFO:cards:Card Created: Name: Default
ID: 36
Tags: ['card']; Image: <Surface(64x64x32 SW)>, assets\temporarycardsprite.png; Time: 0
INFO:cards:Card Created: Name: Default
ID: 37
Tags: ['card']; Image: <Surface(64x64x32 SW)>, assets\temporarycardsprite.png; Time: 0
INFO:cards:Card Created: Name: Default
ID: 38
Tags: ['card']; Image: <Surface(64x64x32 SW)>, assets\temporarycardsprite.png; Time: 0
INFO:cards:Card Created: Name: Default
ID: 39
Tags: ['card']; Image: <Surface(64x64x32 SW)>, assets\temporarycardsprite.png; Time: 0
INFO:cards:Card Created: Name: Default
ID: 40
Tags: ['card']; Image: <Surface(64x64x32 SW)>, assets\temporarycardsprite.png; Time: 0
INFO:cards:Card Created: Name: Default
ID: 41
Tags: ['card']; Image: <Surface(64x64x32 SW)>, assets\temporarycardsprite.png; Time: 0
INFO:cards:Card Created: Name: Default
ID: 42
Tags: ['card']; Image: <Surface(64x64x32 SW)>, assets\temporarycardsprite.png; Time: 0
INFO:cards:Card Created: Name: Default
ID: 43
Tags: ['card']; Image: <Surface(64x64x32 SW)>, assets\temporarycardsprite.png; Time: 0
INFO:cards:Card Created: Name: Default
ID: 44
Tags: ['card']; Image: <Surface(64x64x32 SW)>, assets\temporarycardsprite.png; Time: 0
INFO:cards:Card Created: Name: Default
ID: 45
Tags: ['card']; Image: <Surface(64x64x32 SW)>, assets\temporarycardsprite.png; Time: 0
INFO:cards:Card Created: Name: Default
ID: 46
Tags: ['card']; Image: <Surface(64x64x32 SW)>, assets\temporarycardsprite.png; Time: 0
INFO:cards:Card Created: Name: Default
ID: 47
Tags: ['card']; Image: <Surface(64x64x32 SW)>, assets\temporarycardsprite.png; Time: 0
INFO:cards:Card Created: Name: Default
ID: 48
Tags: ['card']; Image: <Surface(64x64x32 SW)>, assets\temporarycardsprite.png; Time: 0
INFO:cards:Card Created: Name: Default
ID: 49
Tags: ['card']; Image: <Surface(64x64x32 SW)>, assets\temporarycardsprite.png; Time: 0
INFO:cards:Card Created: Name: Default
ID: 50
Tags: ['card']; Image: <Surface(64x64x32 SW)>, assets\temporarycardsprite.png; Time: 0
INFO:cards:Card Created: Name: Default
ID: 51
Tags: ['card']; Image: <Surface(64x64x32 SW)>, assets\temporarycardsprite.png; Time: 0
INFO:__main__:Finished at time: 16
